<?xml version="1.0" encoding="UTF-8"?>
<coverage generated="1754861642">
  <project timestamp="1754861642">
    <file name="/var/www/html/src/Command/TtSyncSubticketsCommand.php">
      <class name="App\Command\TtSyncSubticketsCommand" namespace="global">
        <metrics complexity="8" methods="3" coveredmethods="0" conditionals="0" coveredconditionals="0" statements="47" coveredstatements="0" elements="50" coveredelements="0"/>
      </class>
      <line num="17" type="method" name="__construct" visibility="public" complexity="1" crap="2" count="0"/>
      <line num="19" type="stmt" count="0"/>
      <line num="22" type="method" name="configure" visibility="protected" complexity="1" crap="2" count="0"/>
      <line num="24" type="stmt" count="0"/>
      <line num="25" type="stmt" count="0"/>
      <line num="26" type="stmt" count="0"/>
      <line num="27" type="stmt" count="0"/>
      <line num="28" type="stmt" count="0"/>
      <line num="31" type="method" name="execute" visibility="protected" complexity="6" crap="42" count="0"/>
      <line num="33" type="stmt" count="0"/>
      <line num="35" type="stmt" count="0"/>
      <line num="37" type="stmt" count="0"/>
      <line num="38" type="stmt" count="0"/>
      <line num="39" type="stmt" count="0"/>
      <line num="40" type="stmt" count="0"/>
      <line num="41" type="stmt" count="0"/>
      <line num="42" type="stmt" count="0"/>
      <line num="43" type="stmt" count="0"/>
      <line num="46" type="stmt" count="0"/>
      <line num="48" type="stmt" count="0"/>
      <line num="49" type="stmt" count="0"/>
      <line num="50" type="stmt" count="0"/>
      <line num="51" type="stmt" count="0"/>
      <line num="54" type="stmt" count="0"/>
      <line num="55" type="stmt" count="0"/>
      <line num="56" type="stmt" count="0"/>
      <line num="57" type="stmt" count="0"/>
      <line num="58" type="stmt" count="0"/>
      <line num="59" type="stmt" count="0"/>
      <line num="60" type="stmt" count="0"/>
      <line num="61" type="stmt" count="0"/>
      <line num="62" type="stmt" count="0"/>
      <line num="64" type="stmt" count="0"/>
      <line num="65" type="stmt" count="0"/>
      <line num="66" type="stmt" count="0"/>
      <line num="67" type="stmt" count="0"/>
      <line num="68" type="stmt" count="0"/>
      <line num="69" type="stmt" count="0"/>
      <line num="70" type="stmt" count="0"/>
      <line num="71" type="stmt" count="0"/>
      <line num="74" type="stmt" count="0"/>
      <line num="75" type="stmt" count="0"/>
      <line num="76" type="stmt" count="0"/>
      <line num="77" type="stmt" count="0"/>
      <line num="78" type="stmt" count="0"/>
      <line num="79" type="stmt" count="0"/>
      <line num="80" type="stmt" count="0"/>
      <line num="81" type="stmt" count="0"/>
      <line num="82" type="stmt" count="0"/>
      <line num="86" type="stmt" count="0"/>
      <metrics loc="89" ncloc="89" classes="1" methods="3" coveredmethods="0" conditionals="0" coveredconditionals="0" statements="47" coveredstatements="0" elements="50" coveredelements="0"/>
    </file>
    <file name="/var/www/html/src/Controller/AdminController.php">
      <class name="App\Controller\AdminController" namespace="global">
        <metrics complexity="180" methods="28" coveredmethods="2" conditionals="0" coveredconditionals="0" statements="630" coveredstatements="534" elements="658" coveredelements="536"/>
      </class>
      <line num="51" type="method" name="getCustomersAction" visibility="public" complexity="2" crap="2.06" count="2"/>
      <line num="54" type="stmt" count="2"/>
      <line num="55" type="stmt" count="0"/>
      <line num="59" type="stmt" count="2"/>
      <line num="61" type="stmt" count="2"/>
      <line num="64" type="method" name="getUsersAction" visibility="public" complexity="2" crap="2.06" count="3"/>
      <line num="67" type="stmt" count="3"/>
      <line num="68" type="stmt" count="0"/>
      <line num="72" type="stmt" count="3"/>
      <line num="74" type="stmt" count="3"/>
      <line num="77" type="method" name="getTeamsAction" visibility="public" complexity="2" crap="2.06" count="2"/>
      <line num="80" type="stmt" count="2"/>
      <line num="81" type="stmt" count="0"/>
      <line num="85" type="stmt" count="2"/>
      <line num="87" type="stmt" count="2"/>
      <line num="90" type="method" name="getPresetsAction" visibility="public" complexity="2" crap="2.06" count="1"/>
      <line num="93" type="stmt" count="1"/>
      <line num="94" type="stmt" count="0"/>
      <line num="98" type="stmt" count="1"/>
      <line num="100" type="stmt" count="1"/>
      <line num="106" type="method" name="getTicketSystemsAction" visibility="public" complexity="4" crap="8.25" count="2"/>
      <line num="109" type="stmt" count="2"/>
      <line num="110" type="stmt" count="0"/>
      <line num="114" type="stmt" count="2"/>
      <line num="115" type="stmt" count="2"/>
      <line num="117" type="stmt" count="2"/>
      <line num="118" type="stmt" count="0"/>
      <line num="119" type="stmt" count="0"/>
      <line num="120" type="stmt" count="0"/>
      <line num="121" type="stmt" count="0"/>
      <line num="122" type="stmt" count="0"/>
      <line num="123" type="stmt" count="0"/>
      <line num="124" type="stmt" count="0"/>
      <line num="125" type="stmt" count="0"/>
      <line num="129" type="stmt" count="2"/>
      <line num="132" type="method" name="saveProjectAction" visibility="public" complexity="26" crap="27.54" count="6"/>
      <line num="135" type="stmt" count="6"/>
      <line num="136" type="stmt" count="2"/>
      <line num="139" type="stmt" count="4"/>
      <line num="140" type="stmt" count="4"/>
      <line num="141" type="stmt" count="4"/>
      <line num="144" type="stmt" count="4"/>
      <line num="145" type="stmt" count="4"/>
      <line num="148" type="stmt" count="4"/>
      <line num="149" type="stmt" count="4"/>
      <line num="150" type="stmt" count="4"/>
      <line num="152" type="stmt" count="4"/>
      <line num="153" type="stmt" count="4"/>
      <line num="154" type="stmt" count="4"/>
      <line num="155" type="stmt" count="4"/>
      <line num="156" type="stmt" count="4"/>
      <line num="157" type="stmt" count="4"/>
      <line num="158" type="stmt" count="4"/>
      <line num="159" type="stmt" count="4"/>
      <line num="160" type="stmt" count="4"/>
      <line num="162" type="stmt" count="4"/>
      <line num="163" type="stmt" count="4"/>
      <line num="164" type="stmt" count="4"/>
      <line num="166" type="stmt" count="4"/>
      <line num="167" type="stmt" count="1"/>
      <line num="169" type="stmt" count="3"/>
      <line num="172" type="stmt" count="3"/>
      <line num="173" type="stmt" count="3"/>
      <line num="175" type="stmt" count="3"/>
      <line num="176" type="stmt" count="0"/>
      <line num="177" type="stmt" count="0"/>
      <line num="178" type="stmt" count="0"/>
      <line num="181" type="stmt" count="3"/>
      <line num="184" type="stmt" count="4"/>
      <line num="185" type="stmt" count="0"/>
      <line num="186" type="stmt" count="0"/>
      <line num="187" type="stmt" count="0"/>
      <line num="190" type="stmt" count="4"/>
      <line num="191" type="stmt" count="4"/>
      <line num="192" type="stmt" count="4"/>
      <line num="193" type="stmt" count="4"/>
      <line num="194" type="stmt" count="1"/>
      <line num="195" type="stmt" count="1"/>
      <line num="196" type="stmt" count="1"/>
      <line num="199" type="stmt" count="3"/>
      <line num="200" type="stmt" count="1"/>
      <line num="201" type="stmt" count="1"/>
      <line num="202" type="stmt" count="0"/>
      <line num="206" type="stmt" count="3"/>
      <line num="207" type="stmt" count="1"/>
      <line num="208" type="stmt" count="1"/>
      <line num="209" type="stmt" count="1"/>
      <line num="212" type="stmt" count="2"/>
      <line num="213" type="stmt" count="2"/>
      <line num="214" type="stmt" count="2"/>
      <line num="215" type="stmt" count="2"/>
      <line num="216" type="stmt" count="2"/>
      <line num="217" type="stmt" count="2"/>
      <line num="218" type="stmt" count="2"/>
      <line num="219" type="stmt" count="2"/>
      <line num="220" type="stmt" count="2"/>
      <line num="221" type="stmt" count="2"/>
      <line num="222" type="stmt" count="2"/>
      <line num="223" type="stmt" count="2"/>
      <line num="224" type="stmt" count="2"/>
      <line num="225" type="stmt" count="2"/>
      <line num="226" type="stmt" count="2"/>
      <line num="227" type="stmt" count="2"/>
      <line num="229" type="stmt" count="2"/>
      <line num="230" type="stmt" count="2"/>
      <line num="231" type="stmt" count="2"/>
      <line num="233" type="stmt" count="2"/>
      <line num="235" type="stmt" count="2"/>
      <line num="237" type="stmt" count="0"/>
      <line num="238" type="stmt" count="0"/>
      <line num="242" type="stmt" count="0"/>
      <line num="246" type="stmt" count="2"/>
      <line num="249" type="method" name="deleteProjectAction" visibility="public" complexity="4" crap="4.00" count="2"/>
      <line num="252" type="stmt" count="2"/>
      <line num="253" type="stmt" count="1"/>
      <line num="257" type="stmt" count="1"/>
      <line num="258" type="stmt" count="1"/>
      <line num="260" type="stmt" count="1"/>
      <line num="261" type="stmt" count="1"/>
      <line num="263" type="stmt" count="1"/>
      <line num="264" type="stmt" count="1"/>
      <line num="265" type="stmt" count="1"/>
      <line num="266" type="stmt" count="1"/>
      <line num="267" type="stmt" count="1"/>
      <line num="268" type="stmt" count="1"/>
      <line num="269" type="stmt" count="0"/>
      <line num="272" type="stmt" count="1"/>
      <line num="273" type="stmt" count="1"/>
      <line num="276" type="stmt" count="1"/>
      <line num="282" type="method" name="syncAllProjectSubticketsAction" visibility="public" complexity="4" crap="4.25" count="1"/>
      <line num="285" type="stmt" count="1"/>
      <line num="286" type="stmt" count="0"/>
      <line num="290" type="stmt" count="1"/>
      <line num="291" type="stmt" count="1"/>
      <line num="292" type="stmt" count="1"/>
      <line num="293" type="stmt" count="1"/>
      <line num="294" type="stmt" count="1"/>
      <line num="297" type="stmt" count="1"/>
      <line num="298" type="stmt" count="0"/>
      <line num="301" type="stmt" count="1"/>
      <line num="302" type="stmt" count="1"/>
      <line num="303" type="stmt" count="1"/>
      <line num="304" type="stmt" count="1"/>
      <line num="305" type="stmt" count="1"/>
      <line num="306" type="stmt" count="0"/>
      <line num="307" type="stmt" count="0"/>
      <line num="316" type="method" name="syncProjectSubticketsAction" visibility="public" complexity="3" crap="4.79" count="1"/>
      <line num="319" type="stmt" count="1"/>
      <line num="320" type="stmt" count="0"/>
      <line num="323" type="stmt" count="1"/>
      <line num="326" type="stmt" count="1"/>
      <line num="327" type="stmt" count="0"/>
      <line num="328" type="stmt" count="0"/>
      <line num="329" type="stmt" count="0"/>
      <line num="330" type="stmt" count="0"/>
      <line num="331" type="stmt" count="0"/>
      <line num="332" type="stmt" count="0"/>
      <line num="333" type="stmt" count="1"/>
      <line num="334" type="stmt" count="1"/>
      <line num="341" type="method" name="saveCustomerAction" visibility="public" complexity="15" crap="17.21" count="6"/>
      <line num="344" type="stmt" count="6"/>
      <line num="345" type="stmt" count="2"/>
      <line num="348" type="stmt" count="4"/>
      <line num="349" type="stmt" count="4"/>
      <line num="350" type="stmt" count="4"/>
      <line num="351" type="stmt" count="4"/>
      <line num="352" type="stmt" count="4"/>
      <line num="353" type="stmt" count="4"/>
      <line num="356" type="stmt" count="4"/>
      <line num="358" type="stmt" count="4"/>
      <line num="359" type="stmt" count="1"/>
      <line num="360" type="stmt" count="1"/>
      <line num="361" type="stmt" count="0"/>
      <line num="362" type="stmt" count="0"/>
      <line num="365" type="stmt" count="3"/>
      <line num="368" type="stmt" count="4"/>
      <line num="369" type="stmt" count="0"/>
      <line num="370" type="stmt" count="0"/>
      <line num="371" type="stmt" count="0"/>
      <line num="374" type="stmt" count="4"/>
      <line num="375" type="stmt" count="1"/>
      <line num="376" type="stmt" count="1"/>
      <line num="377" type="stmt" count="1"/>
      <line num="380" type="stmt" count="3"/>
      <line num="382" type="stmt" count="3"/>
      <line num="384" type="stmt" count="3"/>
      <line num="385" type="stmt" count="2"/>
      <line num="386" type="stmt" count="0"/>
      <line num="389" type="stmt" count="2"/>
      <line num="390" type="stmt" count="2"/>
      <line num="392" type="stmt" count="0"/>
      <line num="393" type="stmt" count="0"/>
      <line num="394" type="stmt" count="0"/>
      <line num="398" type="stmt" count="3"/>
      <line num="399" type="stmt" count="1"/>
      <line num="400" type="stmt" count="1"/>
      <line num="401" type="stmt" count="1"/>
      <line num="404" type="stmt" count="2"/>
      <line num="405" type="stmt" count="2"/>
      <line num="406" type="stmt" count="2"/>
      <line num="408" type="stmt" count="2"/>
      <line num="410" type="stmt" count="2"/>
      <line num="413" type="method" name="deleteCustomerAction" visibility="public" complexity="4" crap="4.00" count="2"/>
      <line num="416" type="stmt" count="2"/>
      <line num="417" type="stmt" count="1"/>
      <line num="421" type="stmt" count="1"/>
      <line num="422" type="stmt" count="1"/>
      <line num="424" type="stmt" count="1"/>
      <line num="425" type="stmt" count="1"/>
      <line num="427" type="stmt" count="1"/>
      <line num="428" type="stmt" count="1"/>
      <line num="429" type="stmt" count="1"/>
      <line num="430" type="stmt" count="1"/>
      <line num="431" type="stmt" count="1"/>
      <line num="432" type="stmt" count="1"/>
      <line num="433" type="stmt" count="0"/>
      <line num="436" type="stmt" count="1"/>
      <line num="437" type="stmt" count="1"/>
      <line num="440" type="stmt" count="1"/>
      <line num="443" type="method" name="saveUserAction" visibility="public" complexity="14" crap="15.77" count="7"/>
      <line num="446" type="stmt" count="7"/>
      <line num="447" type="stmt" count="2"/>
      <line num="450" type="stmt" count="5"/>
      <line num="451" type="stmt" count="5"/>
      <line num="452" type="stmt" count="5"/>
      <line num="453" type="stmt" count="5"/>
      <line num="454" type="stmt" count="5"/>
      <line num="455" type="stmt" count="5"/>
      <line num="458" type="stmt" count="5"/>
      <line num="460" type="stmt" count="5"/>
      <line num="462" type="stmt" count="5"/>
      <line num="463" type="stmt" count="0"/>
      <line num="464" type="stmt" count="0"/>
      <line num="465" type="stmt" count="0"/>
      <line num="468" type="stmt" count="5"/>
      <line num="469" type="stmt" count="1"/>
      <line num="470" type="stmt" count="1"/>
      <line num="471" type="stmt" count="1"/>
      <line num="474" type="stmt" count="4"/>
      <line num="475" type="stmt" count="1"/>
      <line num="476" type="stmt" count="1"/>
      <line num="477" type="stmt" count="1"/>
      <line num="480" type="stmt" count="3"/>
      <line num="481" type="stmt" count="0"/>
      <line num="482" type="stmt" count="0"/>
      <line num="483" type="stmt" count="0"/>
      <line num="486" type="stmt" count="3"/>
      <line num="487" type="stmt" count="3"/>
      <line num="488" type="stmt" count="3"/>
      <line num="489" type="stmt" count="3"/>
      <line num="491" type="stmt" count="3"/>
      <line num="493" type="stmt" count="3"/>
      <line num="494" type="stmt" count="2"/>
      <line num="495" type="stmt" count="0"/>
      <line num="498" type="stmt" count="2"/>
      <line num="499" type="stmt" count="2"/>
      <line num="501" type="stmt" count="0"/>
      <line num="502" type="stmt" count="0"/>
      <line num="503" type="stmt" count="0"/>
      <line num="507" type="stmt" count="3"/>
      <line num="508" type="stmt" count="1"/>
      <line num="509" type="stmt" count="1"/>
      <line num="510" type="stmt" count="1"/>
      <line num="513" type="stmt" count="2"/>
      <line num="514" type="stmt" count="2"/>
      <line num="515" type="stmt" count="2"/>
      <line num="517" type="stmt" count="2"/>
      <line num="518" type="stmt" count="2"/>
      <line num="521" type="method" name="deleteUserAction" visibility="public" complexity="4" crap="4.00" count="2"/>
      <line num="524" type="stmt" count="2"/>
      <line num="525" type="stmt" count="1"/>
      <line num="529" type="stmt" count="1"/>
      <line num="530" type="stmt" count="1"/>
      <line num="532" type="stmt" count="1"/>
      <line num="533" type="stmt" count="1"/>
      <line num="535" type="stmt" count="1"/>
      <line num="536" type="stmt" count="1"/>
      <line num="537" type="stmt" count="1"/>
      <line num="538" type="stmt" count="1"/>
      <line num="539" type="stmt" count="1"/>
      <line num="540" type="stmt" count="1"/>
      <line num="541" type="stmt" count="0"/>
      <line num="544" type="stmt" count="1"/>
      <line num="545" type="stmt" count="1"/>
      <line num="548" type="stmt" count="1"/>
      <line num="551" type="method" name="deletePresetAction" visibility="public" complexity="4" crap="4.00" count="2"/>
      <line num="554" type="stmt" count="2"/>
      <line num="555" type="stmt" count="1"/>
      <line num="559" type="stmt" count="1"/>
      <line num="560" type="stmt" count="1"/>
      <line num="562" type="stmt" count="1"/>
      <line num="563" type="stmt" count="1"/>
      <line num="565" type="stmt" count="1"/>
      <line num="566" type="stmt" count="1"/>
      <line num="567" type="stmt" count="1"/>
      <line num="568" type="stmt" count="1"/>
      <line num="569" type="stmt" count="1"/>
      <line num="570" type="stmt" count="1"/>
      <line num="571" type="stmt" count="0"/>
      <line num="574" type="stmt" count="1"/>
      <line num="575" type="stmt" count="1"/>
      <line num="578" type="stmt" count="1"/>
      <line num="584" type="method" name="savePresetAction" visibility="public" complexity="6" crap="6.61" count="3"/>
      <line num="587" type="stmt" count="3"/>
      <line num="588" type="stmt" count="1"/>
      <line num="591" type="stmt" count="2"/>
      <line num="592" type="stmt" count="2"/>
      <line num="593" type="stmt" count="2"/>
      <line num="594" type="stmt" count="2"/>
      <line num="595" type="stmt" count="2"/>
      <line num="596" type="stmt" count="2"/>
      <line num="597" type="stmt" count="2"/>
      <line num="598" type="stmt" count="2"/>
      <line num="599" type="stmt" count="2"/>
      <line num="601" type="stmt" count="2"/>
      <line num="602" type="stmt" count="0"/>
      <line num="603" type="stmt" count="0"/>
      <line num="604" type="stmt" count="0"/>
      <line num="607" type="stmt" count="2"/>
      <line num="609" type="stmt" count="2"/>
      <line num="610" type="stmt" count="1"/>
      <line num="611" type="stmt" count="1"/>
      <line num="612" type="stmt" count="0"/>
      <line num="613" type="stmt" count="0"/>
      <line num="616" type="stmt" count="1"/>
      <line num="620" type="stmt" count="2"/>
      <line num="621" type="stmt" count="2"/>
      <line num="622" type="stmt" count="2"/>
      <line num="623" type="stmt" count="2"/>
      <line num="624" type="stmt" count="2"/>
      <line num="626" type="stmt" count="2"/>
      <line num="627" type="stmt" count="2"/>
      <line num="628" type="stmt" count="2"/>
      <line num="629" type="stmt" count="0"/>
      <line num="630" type="stmt" count="0"/>
      <line num="631" type="stmt" count="0"/>
      <line num="632" type="stmt" count="0"/>
      <line num="635" type="stmt" count="2"/>
      <line num="643" type="method" name="saveTicketSystemAction" visibility="public" complexity="8" crap="8.12" count="6"/>
      <line num="646" type="stmt" count="6"/>
      <line num="647" type="stmt" count="2"/>
      <line num="651" type="stmt" count="4"/>
      <line num="653" type="stmt" count="4"/>
      <line num="654" type="stmt" count="4"/>
      <line num="655" type="stmt" count="4"/>
      <line num="656" type="stmt" count="4"/>
      <line num="657" type="stmt" count="4"/>
      <line num="658" type="stmt" count="4"/>
      <line num="659" type="stmt" count="4"/>
      <line num="660" type="stmt" count="4"/>
      <line num="661" type="stmt" count="4"/>
      <line num="662" type="stmt" count="4"/>
      <line num="663" type="stmt" count="4"/>
      <line num="664" type="stmt" count="4"/>
      <line num="666" type="stmt" count="4"/>
      <line num="667" type="stmt" count="1"/>
      <line num="668" type="stmt" count="1"/>
      <line num="669" type="stmt" count="0"/>
      <line num="670" type="stmt" count="0"/>
      <line num="673" type="stmt" count="3"/>
      <line num="676" type="stmt" count="4"/>
      <line num="677" type="stmt" count="1"/>
      <line num="678" type="stmt" count="1"/>
      <line num="679" type="stmt" count="1"/>
      <line num="682" type="stmt" count="3"/>
      <line num="683" type="stmt" count="1"/>
      <line num="684" type="stmt" count="1"/>
      <line num="685" type="stmt" count="1"/>
      <line num="689" type="stmt" count="2"/>
      <line num="690" type="stmt" count="2"/>
      <line num="691" type="stmt" count="2"/>
      <line num="692" type="stmt" count="2"/>
      <line num="693" type="stmt" count="2"/>
      <line num="694" type="stmt" count="2"/>
      <line num="695" type="stmt" count="2"/>
      <line num="696" type="stmt" count="2"/>
      <line num="697" type="stmt" count="2"/>
      <line num="698" type="stmt" count="2"/>
      <line num="699" type="stmt" count="2"/>
      <line num="700" type="stmt" count="2"/>
      <line num="702" type="stmt" count="2"/>
      <line num="703" type="stmt" count="2"/>
      <line num="704" type="stmt" count="2"/>
      <line num="705" type="stmt" count="0"/>
      <line num="706" type="stmt" count="0"/>
      <line num="707" type="stmt" count="0"/>
      <line num="708" type="stmt" count="0"/>
      <line num="711" type="stmt" count="2"/>
      <line num="715" type="method" name="deleteTicketSystemAction" visibility="public" complexity="4" crap="4.00" count="2"/>
      <line num="718" type="stmt" count="2"/>
      <line num="719" type="stmt" count="1"/>
      <line num="723" type="stmt" count="1"/>
      <line num="724" type="stmt" count="1"/>
      <line num="726" type="stmt" count="1"/>
      <line num="727" type="stmt" count="1"/>
      <line num="729" type="stmt" count="1"/>
      <line num="730" type="stmt" count="1"/>
      <line num="731" type="stmt" count="1"/>
      <line num="732" type="stmt" count="1"/>
      <line num="733" type="stmt" count="1"/>
      <line num="734" type="stmt" count="1"/>
      <line num="735" type="stmt" count="0"/>
      <line num="738" type="stmt" count="1"/>
      <line num="739" type="stmt" count="1"/>
      <line num="742" type="stmt" count="1"/>
      <line num="749" type="method" name="saveActivityAction" visibility="public" complexity="8" crap="8.67" count="5"/>
      <line num="752" type="stmt" count="5"/>
      <line num="753" type="stmt" count="0"/>
      <line num="756" type="stmt" count="5"/>
      <line num="757" type="stmt" count="2"/>
      <line num="761" type="stmt" count="3"/>
      <line num="763" type="stmt" count="3"/>
      <line num="764" type="stmt" count="3"/>
      <line num="765" type="stmt" count="3"/>
      <line num="766" type="stmt" count="3"/>
      <line num="768" type="stmt" count="3"/>
      <line num="769" type="stmt" count="1"/>
      <line num="770" type="stmt" count="1"/>
      <line num="771" type="stmt" count="0"/>
      <line num="772" type="stmt" count="0"/>
      <line num="775" type="stmt" count="2"/>
      <line num="778" type="stmt" count="3"/>
      <line num="779" type="stmt" count="1"/>
      <line num="780" type="stmt" count="1"/>
      <line num="781" type="stmt" count="1"/>
      <line num="785" type="stmt" count="2"/>
      <line num="786" type="stmt" count="2"/>
      <line num="787" type="stmt" count="2"/>
      <line num="788" type="stmt" count="2"/>
      <line num="790" type="stmt" count="2"/>
      <line num="791" type="stmt" count="2"/>
      <line num="792" type="stmt" count="2"/>
      <line num="793" type="stmt" count="0"/>
      <line num="794" type="stmt" count="0"/>
      <line num="795" type="stmt" count="0"/>
      <line num="796" type="stmt" count="0"/>
      <line num="799" type="stmt" count="2"/>
      <line num="801" type="stmt" count="2"/>
      <line num="805" type="method" name="deleteActivityAction" visibility="public" complexity="4" crap="4.00" count="2"/>
      <line num="808" type="stmt" count="2"/>
      <line num="809" type="stmt" count="1"/>
      <line num="813" type="stmt" count="1"/>
      <line num="814" type="stmt" count="1"/>
      <line num="816" type="stmt" count="1"/>
      <line num="817" type="stmt" count="1"/>
      <line num="819" type="stmt" count="1"/>
      <line num="820" type="stmt" count="1"/>
      <line num="821" type="stmt" count="1"/>
      <line num="822" type="stmt" count="1"/>
      <line num="823" type="stmt" count="1"/>
      <line num="824" type="stmt" count="1"/>
      <line num="825" type="stmt" count="0"/>
      <line num="828" type="stmt" count="1"/>
      <line num="829" type="stmt" count="1"/>
      <line num="832" type="stmt" count="1"/>
      <line num="839" type="method" name="saveTeamAction" visibility="public" complexity="11" crap="11.82" count="5"/>
      <line num="842" type="stmt" count="5"/>
      <line num="843" type="stmt" count="0"/>
      <line num="846" type="stmt" count="5"/>
      <line num="847" type="stmt" count="2"/>
      <line num="851" type="stmt" count="4"/>
      <line num="853" type="stmt" count="4"/>
      <line num="854" type="stmt" count="4"/>
      <line num="855" type="stmt" count="4"/>
      <line num="856" type="stmt" count="3"/>
      <line num="857" type="stmt" count="3"/>
      <line num="858" type="stmt" count="1"/>
      <line num="860" type="stmt" count="4"/>
      <line num="861" type="stmt" count="1"/>
      <line num="863" type="stmt" count="1"/>
      <line num="864" type="stmt" count="0"/>
      <line num="865" type="stmt" count="0"/>
      <line num="868" type="stmt" count="3"/>
      <line num="871" type="stmt" count="4"/>
      <line num="872" type="stmt" count="1"/>
      <line num="873" type="stmt" count="1"/>
      <line num="874" type="stmt" count="1"/>
      <line num="877" type="stmt" count="3"/>
      <line num="878" type="stmt" count="1"/>
      <line num="879" type="stmt" count="1"/>
      <line num="880" type="stmt" count="1"/>
      <line num="884" type="stmt" count="2"/>
      <line num="885" type="stmt" count="2"/>
      <line num="886" type="stmt" count="2"/>
      <line num="888" type="stmt" count="2"/>
      <line num="889" type="stmt" count="2"/>
      <line num="890" type="stmt" count="2"/>
      <line num="891" type="stmt" count="0"/>
      <line num="892" type="stmt" count="0"/>
      <line num="893" type="stmt" count="0"/>
      <line num="894" type="stmt" count="0"/>
      <line num="897" type="stmt" count="2"/>
      <line num="899" type="stmt" count="2"/>
      <line num="903" type="method" name="deleteTeamAction" visibility="public" complexity="4" crap="4.00" count="1"/>
      <line num="906" type="stmt" count="1"/>
      <line num="907" type="stmt" count="1"/>
      <line num="911" type="stmt" count="1"/>
      <line num="912" type="stmt" count="1"/>
      <line num="914" type="stmt" count="1"/>
      <line num="915" type="stmt" count="1"/>
      <line num="917" type="stmt" count="1"/>
      <line num="918" type="stmt" count="1"/>
      <line num="919" type="stmt" count="1"/>
      <line num="920" type="stmt" count="1"/>
      <line num="921" type="stmt" count="1"/>
      <line num="922" type="stmt" count="1"/>
      <line num="923" type="stmt" count="0"/>
      <line num="926" type="stmt" count="1"/>
      <line num="927" type="stmt" count="1"/>
      <line num="930" type="stmt" count="1"/>
      <line num="934" type="method" name="jiraSyncEntriesAction" visibility="public" complexity="6" crap="6.12" count="1"/>
      <line num="937" type="stmt" count="1"/>
      <line num="938" type="stmt" count="0"/>
      <line num="941" type="stmt" count="1"/>
      <line num="942" type="stmt" count="0"/>
      <line num="945" type="stmt" count="1"/>
      <line num="947" type="stmt" count="1"/>
      <line num="948" type="stmt" count="1"/>
      <line num="949" type="stmt" count="1"/>
      <line num="951" type="stmt" count="1"/>
      <line num="952" type="stmt" count="1"/>
      <line num="953" type="stmt" count="1"/>
      <line num="955" type="stmt" count="1"/>
      <line num="958" type="stmt" count="1"/>
      <line num="960" type="stmt" count="1"/>
      <line num="962" type="stmt" count="1"/>
      <line num="963" type="stmt" count="1"/>
      <line num="964" type="stmt" count="0"/>
      <line num="965" type="stmt" count="1"/>
      <line num="966" type="stmt" count="1"/>
      <line num="971" type="stmt" count="1"/>
      <line num="975" type="method" name="getContractsAction" visibility="public" complexity="2" crap="2.06" count="2"/>
      <line num="978" type="stmt" count="2"/>
      <line num="979" type="stmt" count="0"/>
      <line num="983" type="stmt" count="2"/>
      <line num="985" type="stmt" count="2"/>
      <line num="993" type="method" name="saveContractAction" visibility="public" complexity="14" crap="14" count="26"/>
      <line num="996" type="stmt" count="26"/>
      <line num="997" type="stmt" count="3"/>
      <line num="1000" type="stmt" count="23"/>
      <line num="1001" type="stmt" count="23"/>
      <line num="1002" type="stmt" count="23"/>
      <line num="1003" type="stmt" count="23"/>
      <line num="1004" type="stmt" count="23"/>
      <line num="1005" type="stmt" count="23"/>
      <line num="1006" type="stmt" count="23"/>
      <line num="1007" type="stmt" count="23"/>
      <line num="1008" type="stmt" count="23"/>
      <line num="1009" type="stmt" count="23"/>
      <line num="1011" type="stmt" count="23"/>
      <line num="1012" type="stmt" count="23"/>
      <line num="1013" type="stmt" count="23"/>
      <line num="1014" type="stmt" count="0"/>
      <line num="1017" type="stmt" count="23"/>
      <line num="1020" type="stmt" count="23"/>
      <line num="1021" type="stmt" count="2"/>
      <line num="1022" type="stmt" count="2"/>
      <line num="1023" type="stmt" count="1"/>
      <line num="1024" type="stmt" count="1"/>
      <line num="1027" type="stmt" count="21"/>
      <line num="1030" type="stmt" count="22"/>
      <line num="1031" type="stmt" count="1"/>
      <line num="1032" type="stmt" count="1"/>
      <line num="1033" type="stmt" count="1"/>
      <line num="1036" type="stmt" count="21"/>
      <line num="1037" type="stmt" count="21"/>
      <line num="1038" type="stmt" count="1"/>
      <line num="1039" type="stmt" count="1"/>
      <line num="1040" type="stmt" count="1"/>
      <line num="1043" type="stmt" count="20"/>
      <line num="1044" type="stmt" count="20"/>
      <line num="1046" type="stmt" count="20"/>
      <line num="1047" type="stmt" count="20"/>
      <line num="1048" type="stmt" count="12"/>
      <line num="1049" type="stmt" count="12"/>
      <line num="1051" type="stmt" count="12"/>
      <line num="1052" type="stmt" count="1"/>
      <line num="1053" type="stmt" count="1"/>
      <line num="1054" type="stmt" count="1"/>
      <line num="1057" type="stmt" count="11"/>
      <line num="1060" type="stmt" count="19"/>
      <line num="1061" type="stmt" count="19"/>
      <line num="1062" type="stmt" count="19"/>
      <line num="1063" type="stmt" count="19"/>
      <line num="1064" type="stmt" count="19"/>
      <line num="1065" type="stmt" count="19"/>
      <line num="1066" type="stmt" count="19"/>
      <line num="1067" type="stmt" count="19"/>
      <line num="1068" type="stmt" count="19"/>
      <line num="1069" type="stmt" count="19"/>
      <line num="1071" type="stmt" count="19"/>
      <line num="1072" type="stmt" count="19"/>
      <line num="1075" type="stmt" count="19"/>
      <line num="1076" type="stmt" count="1"/>
      <line num="1077" type="stmt" count="1"/>
      <line num="1081" type="stmt" count="18"/>
      <line num="1082" type="stmt" count="18"/>
      <line num="1083" type="stmt" count="9"/>
      <line num="1084" type="stmt" count="9"/>
      <line num="1085" type="stmt" count="9"/>
      <line num="1088" type="stmt" count="17"/>
      <line num="1089" type="stmt" count="17"/>
      <line num="1096" type="method" name="updateOldContract" visibility="protected" complexity="7" crap="7" count="18"/>
      <line num="1098" type="stmt" count="18"/>
      <line num="1099" type="stmt" count="18"/>
      <line num="1102" type="stmt" count="18"/>
      <line num="1104" type="stmt" count="18"/>
      <line num="1105" type="stmt" count="0"/>
      <line num="1108" type="stmt" count="18"/>
      <line num="1109" type="stmt" count="5"/>
      <line num="1112" type="stmt" count="18"/>
      <line num="1113" type="stmt" count="3"/>
      <line num="1117" type="stmt" count="18"/>
      <line num="1118" type="stmt" count="18"/>
      <line num="1119" type="stmt" count="1"/>
      <line num="1122" type="stmt" count="17"/>
      <line num="1123" type="stmt" count="3"/>
      <line num="1126" type="stmt" count="14"/>
      <line num="1131" type="stmt" count="14"/>
      <line num="1132" type="stmt" count="13"/>
      <line num="1133" type="stmt" count="13"/>
      <line num="1134" type="stmt" count="13"/>
      <line num="1135" type="stmt" count="13"/>
      <line num="1142" type="stmt" count="14"/>
      <line num="1150" type="method" name="checkOldContractsStartDateOverlap" visibility="protected" complexity="5" crap="5" count="18"/>
      <line num="1152" type="stmt" count="18"/>
      <line num="1153" type="stmt" count="18"/>
      <line num="1154" type="stmt" count="18"/>
      <line num="1155" type="stmt" count="18"/>
      <line num="1157" type="stmt" count="18"/>
      <line num="1158" type="stmt" count="5"/>
      <line num="1162" type="stmt" count="18"/>
      <line num="1169" type="method" name="checkOldContractsEndDateOverlap" visibility="protected" complexity="5" crap="5" count="18"/>
      <line num="1171" type="stmt" count="18"/>
      <line num="1172" type="stmt" count="18"/>
      <line num="1173" type="stmt" count="18"/>
      <line num="1174" type="stmt" count="18"/>
      <line num="1175" type="stmt" count="18"/>
      <line num="1177" type="stmt" count="18"/>
      <line num="1178" type="stmt" count="3"/>
      <line num="1182" type="stmt" count="18"/>
      <line num="1185" type="method" name="deleteContractAction" visibility="public" complexity="4" crap="4.00" count="2"/>
      <line num="1188" type="stmt" count="2"/>
      <line num="1189" type="stmt" count="1"/>
      <line num="1193" type="stmt" count="1"/>
      <line num="1194" type="stmt" count="1"/>
      <line num="1196" type="stmt" count="1"/>
      <line num="1197" type="stmt" count="1"/>
      <line num="1199" type="stmt" count="1"/>
      <line num="1200" type="stmt" count="1"/>
      <line num="1201" type="stmt" count="1"/>
      <line num="1202" type="stmt" count="1"/>
      <line num="1203" type="stmt" count="1"/>
      <line num="1204" type="stmt" count="1"/>
      <line num="1205" type="stmt" count="0"/>
      <line num="1208" type="stmt" count="1"/>
      <line num="1209" type="stmt" count="1"/>
      <line num="1212" type="stmt" count="1"/>
      <metrics loc="1215" ncloc="1123" classes="1" methods="28" coveredmethods="2" conditionals="0" coveredconditionals="0" statements="630" coveredstatements="534" elements="658" coveredelements="536"/>
    </file>
    <file name="/var/www/html/src/Controller/BaseController.php">
      <class name="App\Controller\BaseController" namespace="global">
        <metrics complexity="32" methods="12" coveredmethods="2" conditionals="0" coveredconditionals="0" statements="49" coveredstatements="22" elements="61" coveredelements="24"/>
      </class>
      <line num="146" type="method" name="preExecute" visibility="public" complexity="3" crap="12" count="0"/>
      <line num="148" type="stmt" count="0"/>
      <line num="149" type="stmt" count="0"/>
      <line num="152" type="stmt" count="0"/>
      <line num="154" type="stmt" count="0"/>
      <line num="155" type="stmt" count="0"/>
      <line num="157" type="stmt" count="0"/>
      <line num="158" type="stmt" count="0"/>
      <line num="161" type="stmt" count="0"/>
      <line num="163" type="stmt" count="0"/>
      <line num="172" type="method" name="isLoggedIn" visibility="protected" complexity="2" crap="2.15" count="138"/>
      <line num="175" type="stmt" count="138"/>
      <line num="176" type="stmt" count="138"/>
      <line num="179" type="stmt" count="0"/>
      <line num="189" type="method" name="getUserId" visibility="protected" complexity="2" crap="2.06" count="138"/>
      <line num="191" type="stmt" count="138"/>
      <line num="192" type="stmt" count="0"/>
      <line num="196" type="stmt" count="138"/>
      <line num="199" type="stmt" count="138"/>
      <line num="207" type="method" name="login" visibility="protected" complexity="3" crap="12" count="0"/>
      <line num="209" type="stmt" count="0"/>
      <line num="210" type="stmt" count="0"/>
      <line num="212" type="stmt" count="0"/>
      <line num="215" type="stmt" count="0"/>
      <line num="224" type="method" name="isPl" visibility="protected" complexity="3" crap="3.04" count="94"/>
      <line num="226" type="stmt" count="94"/>
      <line num="227" type="stmt" count="0"/>
      <line num="230" type="stmt" count="94"/>
      <line num="232" type="stmt" count="94"/>
      <line num="233" type="stmt" count="94"/>
      <line num="235" type="stmt" count="94"/>
      <line num="245" type="method" name="isDEV" visibility="protected" complexity="3" crap="3.04" count="9"/>
      <line num="247" type="stmt" count="9"/>
      <line num="248" type="stmt" count="0"/>
      <line num="251" type="stmt" count="9"/>
      <line num="253" type="stmt" count="9"/>
      <line num="254" type="stmt" count="9"/>
      <line num="256" type="stmt" count="9"/>
      <line num="262" type="method" name="isJsonRequest" visibility="protected" complexity="2" crap="6" count="0"/>
      <line num="264" type="stmt" count="0"/>
      <line num="265" type="stmt" count="0"/>
      <line num="271" type="method" name="checkLogin" visibility="protected" complexity="2" crap="2.15" count="158"/>
      <line num="274" type="stmt" count="158"/>
      <line num="275" type="stmt" count="158"/>
      <line num="278" type="stmt" count="0"/>
      <line num="284" type="method" name="getFailedLoginResponse" visibility="protected" complexity="1" crap="2" count="0"/>
      <line num="286" type="stmt" count="0"/>
      <line num="287" type="stmt" count="0"/>
      <line num="288" type="stmt" count="0"/>
      <line num="289" type="stmt" count="0"/>
      <line num="295" type="method" name="getFailedAuthorizationResponse" visibility="protected" complexity="1" crap="1" count="25"/>
      <line num="297" type="stmt" count="25"/>
      <line num="298" type="stmt" count="25"/>
      <line num="299" type="stmt" count="25"/>
      <line num="300" type="stmt" count="25"/>
      <line num="309" type="method" name="getFailedResponse" visibility="protected" complexity="1" crap="2" count="0"/>
      <line num="311" type="stmt" count="0"/>
      <line num="312" type="stmt" count="0"/>
      <line num="313" type="stmt" count="0"/>
      <line num="326" type="method" name="translate" visibility="protected" complexity="1" crap="1" count="59"/>
      <line num="332" type="stmt" count="59"/>
      <metrics loc="335" ncloc="204" classes="1" methods="12" coveredmethods="2" conditionals="0" coveredconditionals="0" statements="49" coveredstatements="22" elements="61" coveredelements="24"/>
    </file>
    <file name="/var/www/html/src/Controller/ControllingController.php">
      <class name="App\Controller\ControllingController" namespace="global">
        <metrics complexity="24" methods="3" coveredmethods="2" conditionals="0" coveredconditionals="0" statements="136" coveredstatements="124" elements="139" coveredelements="126"/>
      </class>
      <line num="58" type="method" name="exportAction" visibility="public" complexity="21" crap="21.41" count="4"/>
      <line num="68" type="stmt" count="4"/>
      <line num="69" type="stmt" count="0"/>
      <line num="73" type="stmt" count="4"/>
      <line num="74" type="stmt" count="4"/>
      <line num="75" type="stmt" count="4"/>
      <line num="76" type="stmt" count="0"/>
      <line num="80" type="stmt" count="4"/>
      <line num="81" type="stmt" count="4"/>
      <line num="82" type="stmt" count="4"/>
      <line num="83" type="stmt" count="4"/>
      <line num="84" type="stmt" count="4"/>
      <line num="85" type="stmt" count="4"/>
      <line num="86" type="stmt" count="4"/>
      <line num="88" type="stmt" count="4"/>
      <line num="90" type="stmt" count="4"/>
      <line num="91" type="stmt" count="4"/>
      <line num="92" type="stmt" count="4"/>
      <line num="93" type="stmt" count="4"/>
      <line num="94" type="stmt" count="4"/>
      <line num="95" type="stmt" count="4"/>
      <line num="96" type="stmt" count="4"/>
      <line num="97" type="stmt" count="4"/>
      <line num="98" type="stmt" count="4"/>
      <line num="99" type="stmt" count="4"/>
      <line num="100" type="stmt" count="4"/>
      <line num="101" type="stmt" count="4"/>
      <line num="103" type="stmt" count="4"/>
      <line num="104" type="stmt" count="4"/>
      <line num="105" type="stmt" count="4"/>
      <line num="106" type="stmt" count="1"/>
      <line num="107" type="stmt" count="1"/>
      <line num="108" type="stmt" count="1"/>
      <line num="109" type="stmt" count="1"/>
      <line num="110" type="stmt" count="1"/>
      <line num="111" type="stmt" count="1"/>
      <line num="112" type="stmt" count="1"/>
      <line num="115" type="stmt" count="4"/>
      <line num="117" type="stmt" count="4"/>
      <line num="118" type="stmt" count="4"/>
      <line num="119" type="stmt" count="4"/>
      <line num="120" type="stmt" count="4"/>
      <line num="121" type="stmt" count="4"/>
      <line num="122" type="stmt" count="4"/>
      <line num="125" type="stmt" count="4"/>
      <line num="126" type="stmt" count="4"/>
      <line num="128" type="stmt" count="4"/>
      <line num="129" type="stmt" count="4"/>
      <line num="130" type="stmt" count="4"/>
      <line num="132" type="stmt" count="4"/>
      <line num="134" type="stmt" count="4"/>
      <line num="135" type="stmt" count="4"/>
      <line num="136" type="stmt" count="4"/>
      <line num="137" type="stmt" count="4"/>
      <line num="138" type="stmt" count="4"/>
      <line num="139" type="stmt" count="4"/>
      <line num="141" type="stmt" count="0"/>
      <line num="142" type="stmt" count="0"/>
      <line num="145" type="stmt" count="4"/>
      <line num="146" type="stmt" count="1"/>
      <line num="147" type="stmt" count="1"/>
      <line num="151" type="stmt" count="4"/>
      <line num="152" type="stmt" count="4"/>
      <line num="153" type="stmt" count="4"/>
      <line num="154" type="stmt" count="1"/>
      <line num="155" type="stmt" count="1"/>
      <line num="156" type="stmt" count="1"/>
      <line num="157" type="stmt" count="1"/>
      <line num="158" type="stmt" count="1"/>
      <line num="161" type="stmt" count="1"/>
      <line num="163" type="stmt" count="1"/>
      <line num="164" type="stmt" count="0"/>
      <line num="165" type="stmt" count="0"/>
      <line num="168" type="stmt" count="0"/>
      <line num="169" type="stmt" count="0"/>
      <line num="172" type="stmt" count="0"/>
      <line num="174" type="stmt" count="1"/>
      <line num="177" type="stmt" count="1"/>
      <line num="179" type="stmt" count="1"/>
      <line num="180" type="stmt" count="1"/>
      <line num="181" type="stmt" count="1"/>
      <line num="182" type="stmt" count="1"/>
      <line num="183" type="stmt" count="1"/>
      <line num="184" type="stmt" count="1"/>
      <line num="185" type="stmt" count="1"/>
      <line num="186" type="stmt" count="1"/>
      <line num="187" type="stmt" count="1"/>
      <line num="188" type="stmt" count="1"/>
      <line num="191" type="stmt" count="1"/>
      <line num="193" type="stmt" count="1"/>
      <line num="194" type="stmt" count="1"/>
      <line num="195" type="stmt" count="1"/>
      <line num="196" type="stmt" count="1"/>
      <line num="197" type="stmt" count="1"/>
      <line num="198" type="stmt" count="0"/>
      <line num="201" type="stmt" count="1"/>
      <line num="202" type="stmt" count="1"/>
      <line num="205" type="stmt" count="1"/>
      <line num="210" type="stmt" count="4"/>
      <line num="211" type="stmt" count="4"/>
      <line num="215" type="stmt" count="4"/>
      <line num="216" type="stmt" count="4"/>
      <line num="217" type="stmt" count="4"/>
      <line num="218" type="stmt" count="4"/>
      <line num="219" type="stmt" count="1"/>
      <line num="220" type="stmt" count="1"/>
      <line num="225" type="stmt" count="1"/>
      <line num="226" type="stmt" count="1"/>
      <line num="227" type="stmt" count="1"/>
      <line num="228" type="stmt" count="1"/>
      <line num="230" type="stmt" count="1"/>
      <line num="231" type="stmt" count="0"/>
      <line num="234" type="stmt" count="1"/>
      <line num="235" type="stmt" count="0"/>
      <line num="238" type="stmt" count="1"/>
      <line num="242" type="stmt" count="4"/>
      <line num="243" type="stmt" count="4"/>
      <line num="244" type="stmt" count="4"/>
      <line num="246" type="stmt" count="4"/>
      <line num="247" type="stmt" count="4"/>
      <line num="248" type="stmt" count="4"/>
      <line num="250" type="stmt" count="4"/>
      <line num="252" type="stmt" count="4"/>
      <line num="254" type="stmt" count="4"/>
      <line num="268" type="method" name="setCellDate" visibility="protected" complexity="1" crap="1" count="2"/>
      <line num="271" type="stmt" count="2"/>
      <line num="272" type="stmt" count="2"/>
      <line num="273" type="stmt" count="2"/>
      <line num="274" type="stmt" count="2"/>
      <line num="277" type="stmt" count="2"/>
      <line num="278" type="stmt" count="2"/>
      <line num="279" type="stmt" count="2"/>
      <line num="292" type="method" name="setCellHours" visibility="protected" complexity="1" crap="1" count="2"/>
      <line num="294" type="stmt" count="2"/>
      <line num="295" type="stmt" count="2"/>
      <line num="298" type="stmt" count="2"/>
      <line num="301" type="stmt" count="2"/>
      <line num="302" type="stmt" count="2"/>
      <line num="303" type="stmt" count="2"/>
      <metrics loc="306" ncloc="233" classes="1" methods="3" coveredmethods="2" conditionals="0" coveredconditionals="0" statements="136" coveredstatements="124" elements="139" coveredelements="126"/>
    </file>
    <file name="/var/www/html/src/Controller/CrudController.php">
      <class name="App\Controller\CrudController" namespace="global">
        <metrics complexity="116" methods="12" coveredmethods="2" conditionals="0" coveredconditionals="0" statements="408" coveredstatements="274" elements="420" coveredelements="276"/>
      </class>
      <line num="47" type="method" name="deleteAction" visibility="public" complexity="6" crap="6.73" count="1"/>
      <line num="50" type="stmt" count="1"/>
      <line num="51" type="stmt" count="0"/>
      <line num="54" type="stmt" count="1"/>
      <line num="56" type="stmt" count="1"/>
      <line num="57" type="stmt" count="1"/>
      <line num="59" type="stmt" count="1"/>
      <line num="61" type="stmt" count="1"/>
      <line num="63" type="stmt" count="1"/>
      <line num="64" type="stmt" count="1"/>
      <line num="65" type="stmt" count="1"/>
      <line num="69" type="stmt" count="1"/>
      <line num="70" type="stmt" count="0"/>
      <line num="72" type="stmt" count="0"/>
      <line num="73" type="stmt" count="0"/>
      <line num="74" type="stmt" count="0"/>
      <line num="75" type="stmt" count="0"/>
      <line num="79" type="stmt" count="1"/>
      <line num="81" type="stmt" count="1"/>
      <line num="82" type="stmt" count="1"/>
      <line num="83" type="stmt" count="1"/>
      <line num="86" type="stmt" count="1"/>
      <line num="89" type="stmt" count="1"/>
      <line num="99" type="method" name="deleteJiraWorklog" visibility="private" complexity="7" crap="13.12" count="1"/>
      <line num="103" type="stmt" count="1"/>
      <line num="104" type="stmt" count="1"/>
      <line num="105" type="stmt" count="0"/>
      <line num="108" type="stmt" count="1"/>
      <line num="109" type="stmt" count="1"/>
      <line num="112" type="stmt" count="1"/>
      <line num="114" type="stmt" count="0"/>
      <line num="115" type="stmt" count="0"/>
      <line num="118" type="stmt" count="1"/>
      <line num="119" type="stmt" count="1"/>
      <line num="122" type="stmt" count="0"/>
      <line num="123" type="stmt" count="0"/>
      <line num="126" type="stmt" count="0"/>
      <line num="127" type="stmt" count="0"/>
      <line num="136" type="method" name="calculateClasses" visibility="private" complexity="11" crap="33.58" count="8"/>
      <line num="138" type="stmt" count="8"/>
      <line num="139" type="stmt" count="0"/>
      <line num="142" type="stmt" count="8"/>
      <line num="143" type="stmt" count="8"/>
      <line num="145" type="stmt" count="8"/>
      <line num="147" type="stmt" count="8"/>
      <line num="149" type="stmt" count="8"/>
      <line num="150" type="stmt" count="1"/>
      <line num="153" type="stmt" count="8"/>
      <line num="154" type="stmt" count="0"/>
      <line num="157" type="stmt" count="8"/>
      <line num="158" type="stmt" count="8"/>
      <line num="159" type="stmt" count="8"/>
      <line num="160" type="stmt" count="8"/>
      <line num="161" type="stmt" count="8"/>
      <line num="164" type="stmt" count="8"/>
      <line num="166" type="stmt" count="8"/>
      <line num="167" type="stmt" count="0"/>
      <line num="168" type="stmt" count="0"/>
      <line num="170" type="stmt" count="0"/>
      <line num="171" type="stmt" count="0"/>
      <line num="172" type="stmt" count="0"/>
      <line num="173" type="stmt" count="0"/>
      <line num="174" type="stmt" count="0"/>
      <line num="177" type="stmt" count="0"/>
      <line num="180" type="stmt" count="0"/>
      <line num="181" type="stmt" count="0"/>
      <line num="182" type="stmt" count="0"/>
      <line num="183" type="stmt" count="0"/>
      <line num="184" type="stmt" count="0"/>
      <line num="187" type="stmt" count="0"/>
      <line num="190" type="stmt" count="0"/>
      <line num="191" type="stmt" count="0"/>
      <line num="192" type="stmt" count="0"/>
      <line num="193" type="stmt" count="0"/>
      <line num="201" type="method" name="saveAction" visibility="public" complexity="33" crap="98.47" count="6"/>
      <line num="204" type="stmt" count="6"/>
      <line num="205" type="stmt" count="0"/>
      <line num="209" type="stmt" count="6"/>
      <line num="210" type="stmt" count="6"/>
      <line num="212" type="stmt" count="6"/>
      <line num="214" type="stmt" count="6"/>
      <line num="216" type="stmt" count="6"/>
      <line num="219" type="stmt" count="6"/>
      <line num="222" type="stmt" count="6"/>
      <line num="224" type="stmt" count="6"/>
      <line num="225" type="stmt" count="6"/>
      <line num="226" type="stmt" count="1"/>
      <line num="227" type="stmt" count="1"/>
      <line num="230" type="stmt" count="5"/>
      <line num="234" type="stmt" count="5"/>
      <line num="236" type="stmt" count="5"/>
      <line num="237" type="stmt" count="5"/>
      <line num="238" type="stmt" count="0"/>
      <line num="239" type="stmt" count="0"/>
      <line num="242" type="stmt" count="5"/>
      <line num="246" type="stmt" count="5"/>
      <line num="248" type="stmt" count="5"/>
      <line num="249" type="stmt" count="5"/>
      <line num="251" type="stmt" count="5"/>
      <line num="253" type="stmt" count="0"/>
      <line num="254" type="stmt" count="0"/>
      <line num="256" type="stmt" count="5"/>
      <line num="259" type="stmt" count="5"/>
      <line num="260" type="stmt" count="0"/>
      <line num="261" type="stmt" count="0"/>
      <line num="262" type="stmt" count="0"/>
      <line num="265" type="stmt" count="0"/>
      <line num="266" type="stmt" count="0"/>
      <line num="267" type="stmt" count="0"/>
      <line num="268" type="stmt" count="0"/>
      <line num="269" type="stmt" count="0"/>
      <line num="270" type="stmt" count="0"/>
      <line num="275" type="stmt" count="0"/>
      <line num="276" type="stmt" count="0"/>
      <line num="277" type="stmt" count="0"/>
      <line num="282" type="stmt" count="5"/>
      <line num="283" type="stmt" count="5"/>
      <line num="286" type="stmt" count="5"/>
      <line num="287" type="stmt" count="5"/>
      <line num="288" type="stmt" count="5"/>
      <line num="289" type="stmt" count="5"/>
      <line num="290" type="stmt" count="5"/>
      <line num="291" type="stmt" count="5"/>
      <line num="292" type="stmt" count="5"/>
      <line num="293" type="stmt" count="5"/>
      <line num="294" type="stmt" count="5"/>
      <line num="297" type="stmt" count="5"/>
      <line num="300" type="stmt" count="5"/>
      <line num="301" type="stmt" count="0"/>
      <line num="302" type="stmt" count="0"/>
      <line num="303" type="stmt" count="0"/>
      <line num="304" type="stmt" count="0"/>
      <line num="305" type="stmt" count="0"/>
      <line num="306" type="stmt" count="0"/>
      <line num="307" type="stmt" count="0"/>
      <line num="311" type="stmt" count="5"/>
      <line num="314" type="stmt" count="4"/>
      <line num="316" type="stmt" count="3"/>
      <line num="317" type="stmt" count="3"/>
      <line num="318" type="stmt" count="3"/>
      <line num="321" type="stmt" count="3"/>
      <line num="322" type="stmt" count="0"/>
      <line num="323" type="stmt" count="0"/>
      <line num="327" type="stmt" count="3"/>
      <line num="328" type="stmt" count="3"/>
      <line num="329" type="stmt" count="3"/>
      <line num="330" type="stmt" count="3"/>
      <line num="331" type="stmt" count="3"/>
      <line num="333" type="stmt" count="3"/>
      <line num="334" type="stmt" count="0"/>
      <line num="335" type="stmt" count="0"/>
      <line num="336" type="stmt" count="0"/>
      <line num="337" type="stmt" count="0"/>
      <line num="343" type="stmt" count="3"/>
      <line num="345" type="stmt" count="3"/>
      <line num="346" type="stmt" count="3"/>
      <line num="347" type="stmt" count="0"/>
      <line num="348" type="stmt" count="0"/>
      <line num="349" type="stmt" count="0"/>
      <line num="352" type="stmt" count="0"/>
      <line num="353" type="stmt" count="0"/>
      <line num="356" type="stmt" count="3"/>
      <line num="357" type="stmt" count="3"/>
      <line num="358" type="stmt" count="3"/>
      <line num="359" type="stmt" count="3"/>
      <line num="361" type="stmt" count="3"/>
      <line num="362" type="stmt" count="3"/>
      <line num="364" type="stmt" count="0"/>
      <line num="365" type="stmt" count="3"/>
      <line num="366" type="stmt" count="3"/>
      <line num="367" type="stmt" count="0"/>
      <line num="368" type="stmt" count="0"/>
      <line num="378" type="method" name="bulkentryAction" visibility="public" complexity="29" crap="29.13" count="9"/>
      <line num="381" type="stmt" count="9"/>
      <line num="382" type="stmt" count="0"/>
      <line num="386" type="stmt" count="9"/>
      <line num="387" type="stmt" count="9"/>
      <line num="389" type="stmt" count="9"/>
      <line num="391" type="stmt" count="9"/>
      <line num="392" type="stmt" count="9"/>
      <line num="393" type="stmt" count="1"/>
      <line num="398" type="stmt" count="8"/>
      <line num="399" type="stmt" count="8"/>
      <line num="401" type="stmt" count="8"/>
      <line num="402" type="stmt" count="8"/>
      <line num="404" type="stmt" count="8"/>
      <line num="405" type="stmt" count="8"/>
      <line num="407" type="stmt" count="8"/>
      <line num="408" type="stmt" count="8"/>
      <line num="410" type="stmt" count="8"/>
      <line num="412" type="stmt" count="6"/>
      <line num="413" type="stmt" count="6"/>
      <line num="415" type="stmt" count="6"/>
      <line num="416" type="stmt" count="6"/>
      <line num="417" type="stmt" count="5"/>
      <line num="418" type="stmt" count="5"/>
      <line num="420" type="stmt" count="5"/>
      <line num="421" type="stmt" count="5"/>
      <line num="422" type="stmt" count="5"/>
      <line num="423" type="stmt" count="5"/>
      <line num="424" type="stmt" count="5"/>
      <line num="425" type="stmt" count="5"/>
      <line num="426" type="stmt" count="5"/>
      <line num="427" type="stmt" count="5"/>
      <line num="428" type="stmt" count="5"/>
      <line num="432" type="stmt" count="6"/>
      <line num="433" type="stmt" count="1"/>
      <line num="434" type="stmt" count="1"/>
      <line num="435" type="stmt" count="1"/>
      <line num="436" type="stmt" count="1"/>
      <line num="437" type="stmt" count="1"/>
      <line num="438" type="stmt" count="1"/>
      <line num="439" type="stmt" count="1"/>
      <line num="443" type="stmt" count="7"/>
      <line num="445" type="stmt" count="7"/>
      <line num="446" type="stmt" count="7"/>
      <line num="448" type="stmt" count="7"/>
      <line num="451" type="stmt" count="7"/>
      <line num="454" type="stmt" count="7"/>
      <line num="455" type="stmt" count="7"/>
      <line num="456" type="stmt" count="7"/>
      <line num="457" type="stmt" count="7"/>
      <line num="458" type="stmt" count="7"/>
      <line num="459" type="stmt" count="7"/>
      <line num="460" type="stmt" count="7"/>
      <line num="461" type="stmt" count="7"/>
      <line num="464" type="stmt" count="7"/>
      <line num="465" type="stmt" count="7"/>
      <line num="466" type="stmt" count="7"/>
      <line num="467" type="stmt" count="7"/>
      <line num="468" type="stmt" count="7"/>
      <line num="469" type="stmt" count="7"/>
      <line num="471" type="stmt" count="7"/>
      <line num="472" type="stmt" count="7"/>
      <line num="473" type="stmt" count="7"/>
      <line num="474" type="stmt" count="7"/>
      <line num="475" type="stmt" count="7"/>
      <line num="477" type="stmt" count="7"/>
      <line num="478" type="stmt" count="7"/>
      <line num="479" type="stmt" count="7"/>
      <line num="480" type="stmt" count="7"/>
      <line num="481" type="stmt" count="7"/>
      <line num="483" type="stmt" count="7"/>
      <line num="484" type="stmt" count="7"/>
      <line num="485" type="stmt" count="7"/>
      <line num="486" type="stmt" count="7"/>
      <line num="487" type="stmt" count="7"/>
      <line num="488" type="stmt" count="7"/>
      <line num="490" type="stmt" count="7"/>
      <line num="493" type="stmt" count="7"/>
      <line num="494" type="stmt" count="7"/>
      <line num="495" type="stmt" count="0"/>
      <line num="499" type="stmt" count="7"/>
      <line num="500" type="stmt" count="7"/>
      <line num="502" type="stmt" count="2"/>
      <line num="503" type="stmt" count="2"/>
      <line num="507" type="stmt" count="7"/>
      <line num="509" type="stmt" count="0"/>
      <line num="510" type="stmt" count="0"/>
      <line num="511" type="stmt" count="0"/>
      <line num="515" type="stmt" count="0"/>
      <line num="516" type="stmt" count="0"/>
      <line num="517" type="stmt" count="0"/>
      <line num="521" type="stmt" count="7"/>
      <line num="522" type="stmt" count="5"/>
      <line num="525" type="stmt" count="5"/>
      <line num="526" type="stmt" count="5"/>
      <line num="527" type="stmt" count="4"/>
      <line num="528" type="stmt" count="4"/>
      <line num="533" type="stmt" count="5"/>
      <line num="534" type="stmt" count="4"/>
      <line num="535" type="stmt" count="4"/>
      <line num="539" type="stmt" count="4"/>
      <line num="540" type="stmt" count="4"/>
      <line num="541" type="stmt" count="4"/>
      <line num="542" type="stmt" count="4"/>
      <line num="544" type="stmt" count="2"/>
      <line num="545" type="stmt" count="2"/>
      <line num="548" type="stmt" count="6"/>
      <line num="549" type="stmt" count="6"/>
      <line num="550" type="stmt" count="6"/>
      <line num="551" type="stmt" count="6"/>
      <line num="552" type="stmt" count="6"/>
      <line num="553" type="stmt" count="6"/>
      <line num="554" type="stmt" count="6"/>
      <line num="555" type="stmt" count="6"/>
      <line num="556" type="stmt" count="6"/>
      <line num="558" type="stmt" count="5"/>
      <line num="559" type="stmt" count="5"/>
      <line num="562" type="stmt" count="5"/>
      <line num="563" type="stmt" count="5"/>
      <line num="566" type="stmt" count="5"/>
      <line num="567" type="stmt" count="5"/>
      <line num="571" type="stmt" count="5"/>
      <line num="573" type="stmt" count="5"/>
      <line num="574" type="stmt" count="5"/>
      <line num="575" type="stmt" count="5"/>
      <line num="578" type="stmt" count="5"/>
      <line num="581" type="stmt" count="5"/>
      <line num="582" type="stmt" count="6"/>
      <line num="584" type="stmt" count="6"/>
      <line num="585" type="stmt" count="6"/>
      <line num="586" type="stmt" count="6"/>
      <line num="587" type="stmt" count="6"/>
      <line num="590" type="stmt" count="6"/>
      <line num="591" type="stmt" count="1"/>
      <line num="592" type="stmt" count="1"/>
      <line num="593" type="stmt" count="1"/>
      <line num="594" type="stmt" count="1"/>
      <line num="595" type="stmt" count="1"/>
      <line num="599" type="stmt" count="6"/>
      <line num="600" type="stmt" count="1"/>
      <line num="601" type="stmt" count="1"/>
      <line num="602" type="stmt" count="1"/>
      <line num="603" type="stmt" count="1"/>
      <line num="604" type="stmt" count="1"/>
      <line num="607" type="stmt" count="6"/>
      <line num="608" type="stmt" count="6"/>
      <line num="609" type="stmt" count="6"/>
      <line num="610" type="stmt" count="2"/>
      <line num="611" type="stmt" count="2"/>
      <line num="612" type="stmt" count="2"/>
      <line num="613" type="stmt" count="2"/>
      <line num="623" type="method" name="requireValidTicketFormat" visibility="private" complexity="3" crap="3" count="5"/>
      <line num="626" type="stmt" count="5"/>
      <line num="627" type="stmt" count="2"/>
      <line num="630" type="stmt" count="3"/>
      <line num="631" type="stmt" count="1"/>
      <line num="632" type="stmt" count="1"/>
      <line num="642" type="method" name="requireValidTicketPrefix" visibility="private" complexity="7" crap="7.27" count="4"/>
      <line num="645" type="stmt" count="4"/>
      <line num="646" type="stmt" count="2"/>
      <line num="650" type="stmt" count="2"/>
      <line num="651" type="stmt" count="0"/>
      <line num="654" type="stmt" count="2"/>
      <line num="655" type="stmt" count="0"/>
      <line num="656" type="stmt" count="0"/>
      <line num="659" type="stmt" count="2"/>
      <line num="660" type="stmt" count="2"/>
      <line num="662" type="stmt" count="2"/>
      <line num="663" type="stmt" count="2"/>
      <line num="664" type="stmt" count="1"/>
      <line num="668" type="stmt" count="1"/>
      <line num="669" type="stmt" count="1"/>
      <line num="670" type="stmt" count="1"/>
      <line num="671" type="stmt" count="1"/>
      <line num="673" type="stmt" count="1"/>
      <line num="682" type="method" name="logData" visibility="private" complexity="2" crap="2" count="15"/>
      <line num="684" type="stmt" count="15"/>
      <line num="685" type="stmt" count="15"/>
      <line num="686" type="stmt" count="15"/>
      <line num="687" type="stmt" count="15"/>
      <line num="689" type="stmt" count="15"/>
      <line num="700" type="method" name="updateJiraWorklog" visibility="private" complexity="7" crap="16.14" count="3"/>
      <line num="705" type="stmt" count="3"/>
      <line num="706" type="stmt" count="3"/>
      <line num="707" type="stmt" count="0"/>
      <line num="710" type="stmt" count="3"/>
      <line num="711" type="stmt" count="3"/>
      <line num="714" type="stmt" count="3"/>
      <line num="715" type="stmt" count="3"/>
      <line num="718" type="stmt" count="0"/>
      <line num="719" type="stmt" count="0"/>
      <line num="722" type="stmt" count="0"/>
      <line num="725" type="stmt" count="0"/>
      <line num="726" type="stmt" count="0"/>
      <line num="729" type="stmt" count="0"/>
      <line num="730" type="stmt" count="0"/>
      <line num="743" type="method" name="createTicket" visibility="protected" complexity="1" crap="2" count="0"/>
      <line num="747" type="stmt" count="0"/>
      <line num="749" type="stmt" count="0"/>
      <line num="764" type="method" name="handleInternalJiraTicketSystem" visibility="protected" complexity="6" crap="30.61" count="3"/>
      <line num="766" type="stmt" count="3"/>
      <line num="768" type="stmt" count="3"/>
      <line num="769" type="stmt" count="3"/>
      <line num="772" type="stmt" count="3"/>
      <line num="773" type="stmt" count="3"/>
      <line num="777" type="stmt" count="0"/>
      <line num="778" type="stmt" count="0"/>
      <line num="784" type="stmt" count="0"/>
      <line num="785" type="stmt" count="0"/>
      <line num="786" type="stmt" count="0"/>
      <line num="789" type="stmt" count="0"/>
      <line num="790" type="stmt" count="0"/>
      <line num="791" type="stmt" count="0"/>
      <line num="797" type="stmt" count="0"/>
      <line num="798" type="stmt" count="0"/>
      <line num="799" type="stmt" count="0"/>
      <line num="802" type="stmt" count="0"/>
      <line num="803" type="stmt" count="0"/>
      <line num="804" type="stmt" count="0"/>
      <line num="805" type="stmt" count="0"/>
      <line num="806" type="stmt" count="0"/>
      <line num="807" type="stmt" count="0"/>
      <line num="808" type="stmt" count="0"/>
      <line num="809" type="stmt" count="0"/>
      <line num="810" type="stmt" count="0"/>
      <line num="811" type="stmt" count="0"/>
      <line num="814" type="stmt" count="0"/>
      <line num="815" type="stmt" count="0"/>
      <line num="818" type="stmt" count="0"/>
      <line num="821" type="stmt" count="0"/>
      <line num="822" type="stmt" count="0"/>
      <line num="823" type="stmt" count="0"/>
      <line num="824" type="stmt" count="0"/>
      <line num="826" type="stmt" count="0"/>
      <line num="828" type="stmt" count="0"/>
      <line num="829" type="stmt" count="0"/>
      <line num="830" type="stmt" count="0"/>
      <line num="832" type="stmt" count="0"/>
      <line num="833" type="stmt" count="0"/>
      <line num="834" type="stmt" count="0"/>
      <line num="835" type="stmt" count="0"/>
      <line num="836" type="stmt" count="0"/>
      <line num="842" type="method" name="shouldTicketBeDeleted" visibility="protected" complexity="2" crap="6" count="0"/>
      <line num="844" type="stmt" count="0"/>
      <line num="845" type="stmt" count="0"/>
      <line num="846" type="stmt" count="0"/>
      <line num="847" type="stmt" count="0"/>
      <line num="849" type="stmt" count="0"/>
      <metrics loc="852" ncloc="696" classes="1" methods="12" coveredmethods="2" conditionals="0" coveredconditionals="0" statements="408" coveredstatements="274" elements="420" coveredelements="276"/>
    </file>
    <file name="/var/www/html/src/Controller/DefaultController.php">
      <class name="App\Controller\DefaultController" namespace="global">
        <metrics complexity="47" methods="17" coveredmethods="3" conditionals="0" coveredconditionals="0" statements="237" coveredstatements="194" elements="254" coveredelements="197"/>
      </class>
      <line num="41" type="method" name="__construct" visibility="public" complexity="1" crap="1" count="34"/>
      <line num="44" type="stmt" count="34"/>
      <line num="49" type="method" name="indexAction" visibility="public" complexity="2" crap="2" count="1"/>
      <line num="52" type="stmt" count="1"/>
      <line num="53" type="stmt" count="0"/>
      <line num="56" type="stmt" count="1"/>
      <line num="57" type="stmt" count="1"/>
      <line num="59" type="stmt" count="1"/>
      <line num="60" type="stmt" count="1"/>
      <line num="63" type="stmt" count="1"/>
      <line num="64" type="stmt" count="1"/>
      <line num="68" type="stmt" count="1"/>
      <line num="69" type="stmt" count="1"/>
      <line num="71" type="stmt" count="1"/>
      <line num="72" type="stmt" count="1"/>
      <line num="73" type="stmt" count="1"/>
      <line num="74" type="stmt" count="1"/>
      <line num="75" type="stmt" count="1"/>
      <line num="76" type="stmt" count="1"/>
      <line num="77" type="stmt" count="1"/>
      <line num="78" type="stmt" count="1"/>
      <line num="79" type="stmt" count="1"/>
      <line num="80" type="stmt" count="1"/>
      <line num="81" type="stmt" count="1"/>
      <line num="82" type="stmt" count="1"/>
      <line num="83" type="stmt" count="1"/>
      <line num="89" type="method" name="getTimeSummaryAction" visibility="public" complexity="2" crap="2.00" count="2"/>
      <line num="92" type="stmt" count="2"/>
      <line num="93" type="stmt" count="0"/>
      <line num="96" type="stmt" count="2"/>
      <line num="98" type="stmt" count="2"/>
      <line num="99" type="stmt" count="2"/>
      <line num="100" type="stmt" count="2"/>
      <line num="101" type="stmt" count="2"/>
      <line num="103" type="stmt" count="2"/>
      <line num="104" type="stmt" count="2"/>
      <line num="105" type="stmt" count="2"/>
      <line num="106" type="stmt" count="2"/>
      <line num="107" type="stmt" count="2"/>
      <line num="109" type="stmt" count="2"/>
      <line num="118" type="method" name="getSummaryAction" visibility="public" complexity="5" crap="5" count="4"/>
      <line num="121" type="stmt" count="4"/>
      <line num="122" type="stmt" count="0"/>
      <line num="125" type="stmt" count="4"/>
      <line num="127" type="stmt" count="4"/>
      <line num="128" type="stmt" count="4"/>
      <line num="129" type="stmt" count="4"/>
      <line num="130" type="stmt" count="4"/>
      <line num="131" type="stmt" count="4"/>
      <line num="132" type="stmt" count="4"/>
      <line num="133" type="stmt" count="4"/>
      <line num="134" type="stmt" count="4"/>
      <line num="135" type="stmt" count="4"/>
      <line num="136" type="stmt" count="4"/>
      <line num="137" type="stmt" count="4"/>
      <line num="138" type="stmt" count="4"/>
      <line num="139" type="stmt" count="4"/>
      <line num="140" type="stmt" count="4"/>
      <line num="141" type="stmt" count="4"/>
      <line num="142" type="stmt" count="4"/>
      <line num="143" type="stmt" count="4"/>
      <line num="144" type="stmt" count="4"/>
      <line num="145" type="stmt" count="4"/>
      <line num="146" type="stmt" count="4"/>
      <line num="147" type="stmt" count="4"/>
      <line num="148" type="stmt" count="4"/>
      <line num="149" type="stmt" count="4"/>
      <line num="150" type="stmt" count="4"/>
      <line num="151" type="stmt" count="4"/>
      <line num="152" type="stmt" count="4"/>
      <line num="153" type="stmt" count="4"/>
      <line num="154" type="stmt" count="4"/>
      <line num="155" type="stmt" count="4"/>
      <line num="156" type="stmt" count="4"/>
      <line num="157" type="stmt" count="4"/>
      <line num="158" type="stmt" count="4"/>
      <line num="159" type="stmt" count="4"/>
      <line num="160" type="stmt" count="4"/>
      <line num="161" type="stmt" count="4"/>
      <line num="162" type="stmt" count="4"/>
      <line num="163" type="stmt" count="4"/>
      <line num="164" type="stmt" count="4"/>
      <line num="167" type="stmt" count="4"/>
      <line num="168" type="stmt" count="4"/>
      <line num="169" type="stmt" count="0"/>
      <line num="173" type="stmt" count="4"/>
      <line num="174" type="stmt" count="4"/>
      <line num="175" type="stmt" count="1"/>
      <line num="176" type="stmt" count="1"/>
      <line num="180" type="stmt" count="3"/>
      <line num="182" type="stmt" count="3"/>
      <line num="183" type="stmt" count="1"/>
      <line num="184" type="stmt" count="1"/>
      <line num="185" type="stmt" count="1"/>
      <line num="186" type="stmt" count="1"/>
      <line num="187" type="stmt" count="1"/>
      <line num="190" type="stmt" count="3"/>
      <line num="205" type="method" name="getDataAction" visibility="public" complexity="3" crap="3.01" count="7"/>
      <line num="209" type="stmt" count="7"/>
      <line num="210" type="stmt" count="0"/>
      <line num="213" type="stmt" count="7"/>
      <line num="215" type="stmt" count="7"/>
      <line num="216" type="stmt" count="7"/>
      <line num="217" type="stmt" count="7"/>
      <line num="219" type="stmt" count="7"/>
      <line num="221" type="stmt" count="7"/>
      <line num="222" type="stmt" count="7"/>
      <line num="224" type="stmt" count="7"/>
      <line num="230" type="method" name="getCustomersAction" visibility="public" complexity="2" crap="2.02" count="3"/>
      <line num="233" type="stmt" count="3"/>
      <line num="234" type="stmt" count="0"/>
      <line num="237" type="stmt" count="3"/>
      <line num="239" type="stmt" count="3"/>
      <line num="240" type="stmt" count="3"/>
      <line num="242" type="stmt" count="3"/>
      <line num="251" type="method" name="getUsersAction" visibility="public" complexity="3" crap="3.02" count="5"/>
      <line num="254" type="stmt" count="5"/>
      <line num="255" type="stmt" count="0"/>
      <line num="258" type="stmt" count="5"/>
      <line num="260" type="stmt" count="1"/>
      <line num="261" type="stmt" count="1"/>
      <line num="264" type="stmt" count="4"/>
      <line num="265" type="stmt" count="4"/>
      <line num="268" type="stmt" count="5"/>
      <line num="274" type="method" name="getCustomerAction" visibility="public" complexity="3" crap="12" count="0"/>
      <line num="277" type="stmt" count="0"/>
      <line num="278" type="stmt" count="0"/>
      <line num="281" type="stmt" count="0"/>
      <line num="282" type="stmt" count="0"/>
      <line num="283" type="stmt" count="0"/>
      <line num="284" type="stmt" count="0"/>
      <line num="286" type="stmt" count="0"/>
      <line num="289" type="stmt" count="0"/>
      <line num="296" type="method" name="getProjectsAction" visibility="public" complexity="2" crap="2.01" count="1"/>
      <line num="299" type="stmt" count="1"/>
      <line num="300" type="stmt" count="0"/>
      <line num="303" type="stmt" count="1"/>
      <line num="304" type="stmt" count="1"/>
      <line num="307" type="stmt" count="1"/>
      <line num="308" type="stmt" count="1"/>
      <line num="310" type="stmt" count="1"/>
      <line num="318" type="method" name="getAllProjectsAction" visibility="public" complexity="4" crap="4.02" count="2"/>
      <line num="321" type="stmt" count="2"/>
      <line num="322" type="stmt" count="0"/>
      <line num="325" type="stmt" count="2"/>
      <line num="326" type="stmt" count="2"/>
      <line num="328" type="stmt" count="2"/>
      <line num="329" type="stmt" count="2"/>
      <line num="331" type="stmt" count="2"/>
      <line num="332" type="stmt" count="2"/>
      <line num="333" type="stmt" count="2"/>
      <line num="336" type="stmt" count="2"/>
      <line num="344" type="method" name="getProjectStructureAction" visibility="public" complexity="2" crap="2.01" count="1"/>
      <line num="347" type="stmt" count="1"/>
      <line num="348" type="stmt" count="0"/>
      <line num="351" type="stmt" count="1"/>
      <line num="352" type="stmt" count="1"/>
      <line num="355" type="stmt" count="1"/>
      <line num="356" type="stmt" count="1"/>
      <line num="359" type="stmt" count="1"/>
      <line num="360" type="stmt" count="1"/>
      <line num="362" type="stmt" count="1"/>
      <line num="368" type="method" name="getActivitiesAction" visibility="public" complexity="2" crap="2.03" count="3"/>
      <line num="371" type="stmt" count="3"/>
      <line num="372" type="stmt" count="0"/>
      <line num="376" type="stmt" count="3"/>
      <line num="377" type="stmt" count="3"/>
      <line num="378" type="stmt" count="3"/>
      <line num="384" type="method" name="getHolidaysAction" visibility="public" complexity="1" crap="1" count="1"/>
      <line num="388" type="stmt" count="1"/>
      <line num="389" type="stmt" count="1"/>
      <line num="390" type="stmt" count="1"/>
      <line num="391" type="stmt" count="1"/>
      <line num="398" type="method" name="exportAction" visibility="public" complexity="2" crap="2" count="1"/>
      <line num="401" type="stmt" count="1"/>
      <line num="403" type="stmt" count="1"/>
      <line num="404" type="stmt" count="1"/>
      <line num="405" type="stmt" count="1"/>
      <line num="408" type="stmt" count="1"/>
      <line num="409" type="stmt" count="1"/>
      <line num="411" type="stmt" count="1"/>
      <line num="412" type="stmt" count="1"/>
      <line num="413" type="stmt" count="1"/>
      <line num="414" type="stmt" count="1"/>
      <line num="415" type="stmt" count="1"/>
      <line num="416" type="stmt" count="1"/>
      <line num="417" type="stmt" count="1"/>
      <line num="419" type="stmt" count="1"/>
      <line num="421" type="stmt" count="1"/>
      <line num="422" type="stmt" count="1"/>
      <line num="423" type="stmt" count="1"/>
      <line num="425" type="stmt" count="1"/>
      <line num="427" type="stmt" count="1"/>
      <line num="435" type="method" name="jiraOAuthCallbackAction" visibility="public" complexity="2" crap="2.02" count="1"/>
      <line num="439" type="stmt" count="1"/>
      <line num="440" type="stmt" count="1"/>
      <line num="441" type="stmt" count="1"/>
      <line num="444" type="stmt" count="1"/>
      <line num="445" type="stmt" count="1"/>
      <line num="446" type="stmt" count="1"/>
      <line num="449" type="stmt" count="1"/>
      <line num="450" type="stmt" count="1"/>
      <line num="451" type="stmt" count="0"/>
      <line num="452" type="stmt" count="0"/>
      <line num="453" type="stmt" count="1"/>
      <line num="454" type="stmt" count="1"/>
      <line num="465" type="method" name="getTicketTimeSummaryAction" visibility="public" complexity="7" crap="20.85" count="1"/>
      <line num="468" type="stmt" count="1"/>
      <line num="469" type="stmt" count="0"/>
      <line num="472" type="stmt" count="1"/>
      <line num="473" type="stmt" count="1"/>
      <line num="476" type="stmt" count="1"/>
      <line num="477" type="stmt" count="1"/>
      <line num="479" type="stmt" count="1"/>
      <line num="481" type="stmt" count="1"/>
      <line num="482" type="stmt" count="1"/>
      <line num="483" type="stmt" count="1"/>
      <line num="484" type="stmt" count="1"/>
      <line num="485" type="stmt" count="1"/>
      <line num="488" type="stmt" count="0"/>
[...]
      <line num="105" type="stmt" count="1"/>
      <line num="107" type="stmt" count="1"/>
      <line num="109" type="stmt" count="1"/>
      <line num="110" type="stmt" count="1"/>
      <line num="111" type="stmt" count="1"/>
      <line num="112" type="stmt" count="1"/>
      <line num="113" type="stmt" count="1"/>
      <line num="114" type="stmt" count="1"/>
      <line num="115" type="stmt" count="1"/>
      <line num="116" type="stmt" count="1"/>
      <line num="119" type="stmt" count="1"/>
      <metrics loc="122" ncloc="100" classes="1" methods="5" coveredmethods="5" conditionals="0" coveredconditionals="0" statements="53" coveredstatements="53" elements="58" coveredelements="58"/>
    </file>
    <file name="/var/www/html/src/Response/Error.php">
      <class name="App\Response\Error" namespace="global">
        <metrics complexity="6" methods="2" coveredmethods="2" conditionals="0" coveredconditionals="0" statements="17" coveredstatements="17" elements="19" coveredelements="19"/>
      </class>
      <line num="23" type="method" name="__construct" visibility="public" complexity="4" crap="4" count="20"/>
      <line num="29" type="stmt" count="20"/>
      <line num="31" type="stmt" count="20"/>
      <line num="32" type="stmt" count="1"/>
      <line num="35" type="stmt" count="20"/>
      <line num="36" type="stmt" count="20"/>
      <line num="39" type="stmt" count="20"/>
      <line num="42" type="method" name="getExceptionAsArray" visibility="protected" complexity="2" crap="2" count="20"/>
      <line num="44" type="stmt" count="20"/>
      <line num="45" type="stmt" count="20"/>
      <line num="48" type="stmt" count="3"/>
      <line num="49" type="stmt" count="3"/>
      <line num="50" type="stmt" count="3"/>
      <line num="51" type="stmt" count="3"/>
      <line num="52" type="stmt" count="3"/>
      <line num="53" type="stmt" count="3"/>
      <line num="54" type="stmt" count="3"/>
      <line num="55" type="stmt" count="3"/>
      <line num="56" type="stmt" count="3"/>
      <metrics loc="59" ncloc="45" classes="1" methods="2" coveredmethods="2" conditionals="0" coveredconditionals="0" statements="17" coveredstatements="17" elements="19" coveredelements="19"/>
    </file>
    <file name="/var/www/html/src/Security/LdapAuthenticator.php">
      <class name="App\Security\LdapAuthenticator" namespace="global">
        <metrics complexity="20" methods="8" coveredmethods="2" conditionals="0" coveredconditionals="0" statements="81" coveredstatements="7" elements="89" coveredelements="9"/>
      </class>
      <line num="26" type="method" name="__construct" visibility="public" complexity="1" crap="1" count="174"/>
      <line num="28" type="stmt" count="174"/>
      <line num="30" type="method" name="supports" visibility="public" complexity="3" crap="3.14" count="174"/>
      <line num="32" type="stmt" count="174"/>
      <line num="33" type="stmt" count="174"/>
      <line num="34" type="stmt" count="0"/>
      <line num="36" type="stmt" count="174"/>
      <line num="39" type="method" name="getCredentials" visibility="public" complexity="3" crap="12" count="0"/>
      <line num="41" type="stmt" count="0"/>
      <line num="42" type="stmt" count="0"/>
      <line num="43" type="stmt" count="0"/>
      <line num="44" type="stmt" count="0"/>
      <line num="45" type="stmt" count="0"/>
      <line num="46" type="stmt" count="0"/>
      <line num="47" type="stmt" count="0"/>
      <line num="49" type="stmt" count="0"/>
      <line num="50" type="stmt" count="0"/>
      <line num="53" type="stmt" count="0"/>
      <line num="60" type="method" name="getUser" visibility="public" complexity="8" crap="72" count="0"/>
      <line num="62" type="stmt" count="0"/>
      <line num="63" type="stmt" count="0"/>
      <line num="67" type="stmt" count="0"/>
      <line num="68" type="stmt" count="0"/>
      <line num="69" type="stmt" count="0"/>
      <line num="70" type="stmt" count="0"/>
      <line num="71" type="stmt" count="0"/>
      <line num="72" type="stmt" count="0"/>
      <line num="73" type="stmt" count="0"/>
      <line num="74" type="stmt" count="0"/>
      <line num="75" type="stmt" count="0"/>
      <line num="76" type="stmt" count="0"/>
      <line num="77" type="stmt" count="0"/>
      <line num="79" type="stmt" count="0"/>
      <line num="82" type="stmt" count="0"/>
      <line num="83" type="stmt" count="0"/>
      <line num="85" type="stmt" count="0"/>
      <line num="86" type="stmt" count="0"/>
      <line num="88" type="stmt" count="0"/>
      <line num="92" type="stmt" count="0"/>
      <line num="93" type="stmt" count="0"/>
      <line num="94" type="stmt" count="0"/>
      <line num="96" type="stmt" count="0"/>
      <line num="97" type="stmt" count="0"/>
      <line num="98" type="stmt" count="0"/>
      <line num="102" type="stmt" count="0"/>
      <line num="103" type="stmt" count="0"/>
      <line num="104" type="stmt" count="0"/>
      <line num="105" type="stmt" count="0"/>
      <line num="106" type="stmt" count="0"/>
      <line num="109" type="stmt" count="0"/>
      <line num="110" type="stmt" count="0"/>
      <line num="111" type="stmt" count="0"/>
      <line num="112" type="stmt" count="0"/>
      <line num="113" type="stmt" count="0"/>
      <line num="114" type="stmt" count="0"/>
      <line num="115" type="stmt" count="0"/>
      <line num="117" type="stmt" count="0"/>
      <line num="122" type="stmt" count="0"/>
      <line num="123" type="stmt" count="0"/>
      <line num="124" type="stmt" count="0"/>
      <line num="126" type="stmt" count="0"/>
      <line num="128" type="stmt" count="0"/>
      <line num="130" type="stmt" count="0"/>
      <line num="131" type="stmt" count="0"/>
      <line num="132" type="stmt" count="0"/>
      <line num="134" type="stmt" count="0"/>
      <line num="135" type="stmt" count="0"/>
      <line num="136" type="stmt" count="0"/>
      <line num="137" type="stmt" count="0"/>
      <line num="138" type="stmt" count="0"/>
      <line num="140" type="stmt" count="0"/>
      <line num="148" type="method" name="checkCredentials" visibility="public" complexity="1" crap="2" count="0"/>
      <line num="150" type="stmt" count="0"/>
      <line num="152" type="stmt" count="0"/>
      <line num="155" type="method" name="onAuthenticationSuccess" visibility="public" complexity="2" crap="6" count="0"/>
      <line num="157" type="stmt" count="0"/>
      <line num="158" type="stmt" count="0"/>
      <line num="160" type="stmt" count="0"/>
      <line num="161" type="stmt" count="0"/>
      <line num="162" type="stmt" count="0"/>
      <line num="165" type="stmt" count="0"/>
      <line num="166" type="stmt" count="0"/>
      <line num="167" type="stmt" count="0"/>
      <line num="170" type="method" name="getLoginUrl" visibility="protected" complexity="1" crap="1" count="5"/>
      <line num="172" type="stmt" count="5"/>
      <line num="173" type="stmt" count="5"/>
      <line num="174" type="stmt" count="5"/>
      <line num="177" type="method" name="supportsRememberMe" visibility="public" complexity="1" crap="2" count="0"/>
      <line num="179" type="stmt" count="0"/>
      <metrics loc="182" ncloc="159" classes="1" methods="8" coveredmethods="2" conditionals="0" coveredconditionals="0" statements="81" coveredstatements="7" elements="89" coveredelements="9"/>
    </file>
    <file name="/var/www/html/src/Service/ClockInterface.php">
      <metrics loc="19" ncloc="13" classes="0" methods="0" coveredmethods="0" conditionals="0" coveredconditionals="0" statements="0" coveredstatements="0" elements="0" coveredelements="0"/>
    </file>
    <file name="/var/www/html/src/Service/ExportService.php">
      <class name="App\Service\ExportService" namespace="global">
        <metrics complexity="30" methods="5" coveredmethods="4" conditionals="0" coveredconditionals="0" statements="68" coveredstatements="13" elements="73" coveredelements="17"/>
      </class>
      <line num="14" type="method" name="__construct" visibility="public" complexity="1" crap="1" count="3"/>
      <line num="16" type="stmt" count="3"/>
      <line num="21" type="method" name="exportEntries" visibility="public" complexity="1" crap="1" count="3"/>
      <line num="24" type="stmt" count="3"/>
      <line num="25" type="stmt" count="3"/>
      <line num="27" type="stmt" count="3"/>
      <line num="33" type="method" name="getUsername" visibility="public" complexity="3" crap="3" count="3"/>
      <line num="35" type="stmt" count="3"/>
      <line num="36" type="stmt" count="3"/>
      <line num="38" type="stmt" count="3"/>
      <line num="39" type="stmt" count="3"/>
      <line num="40" type="stmt" count="3"/>
      <line num="41" type="stmt" count="3"/>
      <line num="42" type="stmt" count="3"/>
      <line num="46" type="stmt" count="3"/>
      <line num="49" type="method" name="getEntryRepository" visibility="protected" complexity="1" crap="1" count="3"/>
      <line num="51" type="stmt" count="3"/>
      <line num="58" type="method" name="enrichEntriesWithTicketInformation" visibility="public" complexity="24" crap="600" count="0"/>
      <line num="65" type="stmt" count="0"/>
      <line num="67" type="stmt" count="0"/>
      <line num="69" type="stmt" count="0"/>
      <line num="71" type="stmt" count="0"/>
      <line num="73" type="stmt" count="0"/>
      <line num="74" type="stmt" count="0"/>
      <line num="76" type="stmt" count="0"/>
      <line num="77" type="stmt" count="0"/>
      <line num="78" type="stmt" count="0"/>
      <line num="79" type="stmt" count="0"/>
      <line num="80" type="stmt" count="0"/>
      <line num="81" type="stmt" count="0"/>
      <line num="84" type="stmt" count="0"/>
      <line num="86" type="stmt" count="0"/>
      <line num="87" type="stmt" count="0"/>
      <line num="90" type="stmt" count="0"/>
      <line num="94" type="stmt" count="0"/>
      <line num="95" type="stmt" count="0"/>
      <line num="96" type="stmt" count="0"/>
      <line num="99" type="stmt" count="0"/>
      <line num="100" type="stmt" count="0"/>
      <line num="101" type="stmt" count="0"/>
      <line num="102" type="stmt" count="0"/>
      <line num="103" type="stmt" count="0"/>
      <line num="104" type="stmt" count="0"/>
      <line num="106" type="stmt" count="0"/>
      <line num="107" type="stmt" count="0"/>
      <line num="108" type="stmt" count="0"/>
      <line num="111" type="stmt" count="0"/>
      <line num="112" type="stmt" count="0"/>
      <line num="115" type="stmt" count="0"/>
      <line num="116" type="stmt" count="0"/>
      <line num="117" type="stmt" count="0"/>
      <line num="118" type="stmt" count="0"/>
      <line num="119" type="stmt" count="0"/>
      <line num="120" type="stmt" count="0"/>
      <line num="122" type="stmt" count="0"/>
      <line num="123" type="stmt" count="0"/>
      <line num="124" type="stmt" count="0"/>
      <line num="125" type="stmt" count="0"/>
      <line num="127" type="stmt" count="0"/>
      <line num="130" type="stmt" count="0"/>
      <line num="131" type="stmt" count="0"/>
      <line num="137" type="stmt" count="0"/>
      <line num="138" type="stmt" count="0"/>
      <line num="139" type="stmt" count="0"/>
      <line num="140" type="stmt" count="0"/>
      <line num="141" type="stmt" count="0"/>
      <line num="143" type="stmt" count="0"/>
      <line num="144" type="stmt" count="0"/>
      <line num="146" type="stmt" count="0"/>
      <line num="151" type="stmt" count="0"/>
      <line num="152" type="stmt" count="0"/>
      <line num="153" type="stmt" count="0"/>
      <line num="158" type="stmt" count="0"/>
      <metrics loc="161" ncloc="143" classes="1" methods="5" coveredmethods="4" conditionals="0" coveredconditionals="0" statements="68" coveredstatements="13" elements="73" coveredelements="17"/>
    </file>
    <file name="/var/www/html/src/Service/Integration/Jira/JiraOAuthApiFactory.php">
      <class name="App\Service\Integration\Jira\JiraOAuthApiFactory" namespace="global">
        <metrics complexity="2" methods="2" coveredmethods="2" conditionals="0" coveredconditionals="0" statements="2" coveredstatements="2" elements="4" coveredelements="4"/>
      </class>
      <line num="13" type="method" name="__construct" visibility="public" complexity="1" crap="1" count="145"/>
      <line num="15" type="stmt" count="145"/>
      <line num="17" type="method" name="create" visibility="public" complexity="1" crap="1" count="2"/>
      <line num="19" type="stmt" count="2"/>
      <metrics loc="24" ncloc="24" classes="1" methods="2" coveredmethods="2" conditionals="0" coveredconditionals="0" statements="2" coveredstatements="2" elements="4" coveredelements="4"/>
    </file>
    <file name="/var/www/html/src/Service/Ldap/LdapClientService.php">
      <class name="App\Service\Ldap\LdapClientService" namespace="global">
        <metrics complexity="0" methods="0" coveredmethods="0" conditionals="0" coveredconditionals="0" statements="0" coveredstatements="0" elements="0" coveredelements="0"/>
      </class>
      <metrics loc="10" ncloc="10" classes="0" methods="0" coveredmethods="0" conditionals="0" coveredconditionals="0" statements="0" coveredstatements="0" elements="0" coveredelements="0"/>
    </file>
    <file name="/var/www/html/src/Service/SubticketSyncService.php">
      <class name="App\Service\SubticketSyncService" namespace="global">
        <metrics complexity="10" methods="2" coveredmethods="1" conditionals="0" coveredconditionals="0" statements="48" coveredstatements="47" elements="50" coveredelements="48"/>
      </class>
      <line num="13" type="method" name="__construct" visibility="public" complexity="1" crap="1" count="100"/>
      <line num="15" type="stmt" count="100"/>
      <line num="27" type="method" name="syncProjectSubtickets" visibility="public" complexity="9" crap="9" count="7"/>
      <line num="29" type="stmt" count="7"/>
      <line num="30" type="stmt" count="0"/>
      <line num="32" type="stmt" count="7"/>
      <line num="33" type="stmt" count="7"/>
      <line num="34" type="stmt" count="7"/>
      <line num="37" type="stmt" count="7"/>
      <line num="38" type="stmt" count="1"/>
      <line num="41" type="stmt" count="6"/>
      <line num="42" type="stmt" count="6"/>
      <line num="43" type="stmt" count="2"/>
      <line num="46" type="stmt" count="4"/>
      <line num="47" type="stmt" count="4"/>
      <line num="48" type="stmt" count="1"/>
      <line num="49" type="stmt" count="1"/>
      <line num="51" type="stmt" count="1"/>
      <line num="52" type="stmt" count="1"/>
      <line num="53" type="stmt" count="1"/>
      <line num="56" type="stmt" count="1"/>
      <line num="59" type="stmt" count="3"/>
      <line num="60" type="stmt" count="3"/>
      <line num="61" type="stmt" count="1"/>
      <line num="62" type="stmt" count="1"/>
      <line num="63" type="stmt" count="1"/>
      <line num="64" type="stmt" count="1"/>
      <line num="67" type="stmt" count="2"/>
      <line num="68" type="stmt" count="2"/>
      <line num="69" type="stmt" count="1"/>
      <line num="70" type="stmt" count="1"/>
      <line num="71" type="stmt" count="1"/>
      <line num="72" type="stmt" count="1"/>
      <line num="73" type="stmt" count="1"/>
      <line num="74" type="stmt" count="1"/>
      <line num="78" type="stmt" count="1"/>
      <line num="80" type="stmt" count="1"/>
      <line num="81" type="stmt" count="1"/>
      <line num="82" type="stmt" count="1"/>
      <line num="85" type="stmt" count="1"/>
      <line num="86" type="stmt" count="1"/>
      <line num="87" type="stmt" count="1"/>
      <line num="88" type="stmt" count="1"/>
      <line num="89" type="stmt" count="1"/>
      <line num="92" type="stmt" count="1"/>
      <line num="94" type="stmt" count="1"/>
      <line num="95" type="stmt" count="1"/>
      <line num="96" type="stmt" count="1"/>
      <line num="97" type="stmt" count="1"/>
      <line num="99" type="stmt" count="1"/>
      <metrics loc="102" ncloc="89" classes="1" methods="2" coveredmethods="1" conditionals="0" coveredconditionals="0" statements="48" coveredstatements="47" elements="50" coveredelements="48"/>
    </file>
    <file name="/var/www/html/src/Service/SystemClock.php">
      <class name="App\Service\SystemClock" namespace="global">
        <metrics complexity="2" methods="2" coveredmethods="2" conditionals="0" coveredconditionals="0" statements="2" coveredstatements="2" elements="4" coveredelements="4"/>
      </class>
      <line num="12" type="method" name="now" visibility="public" complexity="1" crap="1" count="1"/>
      <line num="14" type="stmt" count="1"/>
      <line num="17" type="method" name="today" visibility="public" complexity="1" crap="1" count="1"/>
      <line num="19" type="stmt" count="1"/>
      <metrics loc="22" ncloc="19" classes="1" methods="2" coveredmethods="2" conditionals="0" coveredconditionals="0" statements="2" coveredstatements="2" elements="4" coveredelements="4"/>
    </file>
    <file name="/var/www/html/src/Service/Util/LocalizationService.php">
      <class name="App\Service\Util\LocalizationService" namespace="global">
        <metrics complexity="4" methods="3" coveredmethods="1" conditionals="0" coveredconditionals="0" statements="12" coveredstatements="10" elements="15" coveredelements="11"/>
      </class>
      <line num="7" type="method" name="getAvailableLocales" visibility="public" complexity="1" crap="1" count="15"/>
      <line num="9" type="stmt" count="15"/>
      <line num="10" type="stmt" count="15"/>
      <line num="11" type="stmt" count="15"/>
      <line num="12" type="stmt" count="15"/>
      <line num="13" type="stmt" count="15"/>
      <line num="14" type="stmt" count="15"/>
      <line num="15" type="stmt" count="15"/>
      <line num="18" type="method" name="getPreferredLocale" visibility="public" complexity="1" crap="2" count="0"/>
      <line num="20" type="stmt" count="0"/>
      <line num="23" type="method" name="normalizeLocale" visibility="public" complexity="2" crap="2.06" count="15"/>
      <line num="25" type="stmt" count="15"/>
      <line num="26" type="stmt" count="15"/>
      <line num="27" type="stmt" count="15"/>
      <line num="30" type="stmt" count="0"/>
      <metrics loc="33" ncloc="33" classes="1" methods="3" coveredmethods="1" conditionals="0" coveredconditionals="0" statements="12" coveredstatements="10" elements="15" coveredelements="11"/>
    </file>
    <file name="/var/www/html/src/Services/Export.php">
      <class name="App\Services\Export" namespace="global">
        <metrics complexity="0" methods="0" coveredmethods="0" conditionals="0" coveredconditionals="0" statements="0" coveredstatements="0" elements="0" coveredelements="0"/>
      </class>
      <metrics loc="13" ncloc="8" classes="0" methods="0" coveredmethods="0" conditionals="0" coveredconditionals="0" statements="0" coveredstatements="0" elements="0" coveredelements="0"/>
    </file>
    <file name="/var/www/html/src/Util/PhpSpreadsheet/LOReadFilter.php">
      <class name="App\Util\PhpSpreadsheet\LOReadFilter" namespace="global">
        <metrics complexity="1" methods="1" coveredmethods="1" conditionals="0" coveredconditionals="0" statements="1" coveredstatements="1" elements="2" coveredelements="2"/>
      </class>
      <line num="33" type="method" name="readCell" visibility="public" complexity="1" crap="1" count="4"/>
      <line num="35" type="stmt" count="4"/>
      <metrics loc="38" ncloc="17" classes="1" methods="1" coveredmethods="1" conditionals="0" coveredconditionals="0" statements="1" coveredstatements="1" elements="2" coveredelements="2"/>
    </file>
    <metrics files="59" loc="11914" ncloc="8643" classes="54" methods="547" coveredmethods="339" conditionals="0" coveredconditionals="0" statements="3663" coveredstatements="2486" elements="4210" coveredelements="2825"/>
  </project>
</coverage>
